<?xml version="1.0" encoding="UTF-8"?>
<robot generator="Robot 6.1.1 (Python 3.11.5 on win32)" generated="20250308 16:29:48.058" rpa="false" schemaversion="4">
<suite id="s1" name="Example Project" source="D:\TestRobotframework\Example Project">
<suite id="s1-s1" name="Tests" source="D:\TestRobotframework\Example Project\Tests">
<suite id="s1-s1-s1" name="Invalid login" source="D:\TestRobotframework\Example Project\Tests\Invalid_login.robot">
<kw name="Open and maximize browser" library="standarduser__keywords" type="SETUP">
<kw name="Open Browser" library="SeleniumLibrary">
<arg>${login_page}</arg>
<arg>Chrome</arg>
<doc>Opens a new browser instance to the optional ``url``.</doc>
<msg timestamp="20250308 16:29:48.254" level="INFO">Opening browser 'Chrome' to base url 'https://www.saucedemo.com/'.</msg>
<status status="PASS" starttime="20250308 16:29:48.253" endtime="20250308 16:29:50.521"/>
</kw>
<kw name="Maximize Browser Window" library="SeleniumLibrary">
<doc>Maximizes current browser window.</doc>
<status status="PASS" starttime="20250308 16:29:50.521" endtime="20250308 16:29:50.549"/>
</kw>
<status status="PASS" starttime="20250308 16:29:48.252" endtime="20250308 16:29:50.550"/>
</kw>
<test id="s1-s1-s1-t1" name="Right user empty password" line="25">
<kw name="Set Selenium Speed" library="SeleniumLibrary" type="SETUP">
<arg>0.25</arg>
<doc>Sets the delay that is waited after each Selenium command.</doc>
<status status="PASS" starttime="20250308 16:29:50.551" endtime="20250308 16:29:50.551"/>
</kw>
<kw name="Invalid Login">
<arg>${Valid_user}</arg>
<arg>${EMPTY}</arg>
<arg>${Error_empty_password}</arg>
<kw name="Clear Element Text" library="SeleniumLibrary">
<arg>${password_input}</arg>
<doc>Clears the value of the text-input-element identified by ``locator``.</doc>
<status status="PASS" starttime="20250308 16:29:50.551" endtime="20250308 16:29:51.089"/>
</kw>
<kw name="Fill username" library="standarduser__keywords">
<arg>${username}</arg>
<kw name="Element Should Be Enabled" library="SeleniumLibrary">
<arg>${username_input}</arg>
<doc>Verifies that element identified by ``locator`` is enabled.</doc>
<status status="PASS" starttime="20250308 16:29:51.089" endtime="20250308 16:29:51.873"/>
</kw>
<kw name="Input Text" library="SeleniumLibrary">
<arg>${username_input}</arg>
<arg>${Username}</arg>
<doc>Types the given ``text`` into the text field identified by ``locator``.</doc>
<msg timestamp="20250308 16:29:51.874" level="INFO">Typing text 'standard_user' into text field 'id=user-name'.</msg>
<status status="PASS" starttime="20250308 16:29:51.873" endtime="20250308 16:29:52.721"/>
</kw>
<status status="PASS" starttime="20250308 16:29:51.089" endtime="20250308 16:29:52.721"/>
</kw>
<kw name="Fill password" library="standarduser__keywords">
<arg>${password}</arg>
<kw name="Element Should Be Enabled" library="SeleniumLibrary">
<arg>${password_input}</arg>
<doc>Verifies that element identified by ``locator`` is enabled.</doc>
<status status="PASS" starttime="20250308 16:29:52.721" endtime="20250308 16:29:53.504"/>
</kw>
<kw name="Input Text" library="SeleniumLibrary">
<arg>${password_input}</arg>
<arg>${Password}</arg>
<doc>Types the given ``text`` into the text field identified by ``locator``.</doc>
<msg timestamp="20250308 16:29:53.505" level="INFO">Typing text '' into text field 'id=password'.</msg>
<status status="PASS" starttime="20250308 16:29:53.504" endtime="20250308 16:29:54.315"/>
</kw>
<status status="PASS" starttime="20250308 16:29:52.721" endtime="20250308 16:29:54.315"/>
</kw>
<kw name="Click Login" library="standarduser__keywords">
<kw name="Element Should Be Enabled" library="SeleniumLibrary">
<arg>${login_btn}</arg>
<doc>Verifies that element identified by ``locator`` is enabled.</doc>
<status status="PASS" starttime="20250308 16:29:54.315" endtime="20250308 16:29:55.099"/>
</kw>
<kw name="Click Element" library="SeleniumLibrary">
<arg>${login_btn}</arg>
<doc>Click the element identified by ``locator``.</doc>
<msg timestamp="20250308 16:29:55.101" level="INFO">Clicking element 'id=login-button'.</msg>
<status status="PASS" starttime="20250308 16:29:55.099" endtime="20250308 16:29:55.673"/>
</kw>
<status status="PASS" starttime="20250308 16:29:54.315" endtime="20250308 16:29:55.673"/>
</kw>
<kw name="Clear Element Text" library="SeleniumLibrary">
<arg>${password_input}</arg>
<doc>Clears the value of the text-input-element identified by ``locator``.</doc>
<status status="PASS" starttime="20250308 16:29:55.673" endtime="20250308 16:29:56.215"/>
</kw>
<kw name="Get Text" library="SeleniumLibrary">
<var>${Actual_error}</var>
<arg>xpath=//*[@id="login_button_container"]/div/form/div[3]</arg>
<doc>Returns the text value of the element identified by ``locator``.</doc>
<msg timestamp="20250308 16:29:56.748" level="INFO">${Actual_error} = Epic sadface: Password is required</msg>
<status status="PASS" starttime="20250308 16:29:56.215" endtime="20250308 16:29:56.748"/>
</kw>
<kw name="Log" library="BuiltIn">
<arg>Actual Error: "${actual_error}"</arg>
<doc>Logs the given message with the given level.</doc>
<msg timestamp="20250308 16:29:56.750" level="INFO">Actual Error: "Epic sadface: Password is required"</msg>
<status status="PASS" starttime="20250308 16:29:56.749" endtime="20250308 16:29:56.751"/>
</kw>
<kw name="Should Be Equal As Strings" library="BuiltIn">
<arg>${actual_error}</arg>
<arg>${expected_error}</arg>
<arg>Error message does not match!</arg>
<doc>Fails if objects are unequal after converting them to strings.</doc>
<status status="PASS" starttime="20250308 16:29:56.751" endtime="20250308 16:29:56.752"/>
</kw>
<status status="PASS" starttime="20250308 16:29:50.551" endtime="20250308 16:29:56.752"/>
</kw>
<status status="PASS" starttime="20250308 16:29:50.550" endtime="20250308 16:29:56.752"/>
</test>
<test id="s1-s1-s1-t2" name="Right user wrong password" line="26">
<kw name="Set Selenium Speed" library="SeleniumLibrary" type="SETUP">
<arg>0.25</arg>
<doc>Sets the delay that is waited after each Selenium command.</doc>
<status status="PASS" starttime="20250308 16:29:56.756" endtime="20250308 16:29:56.757"/>
</kw>
<kw name="Invalid Login">
<arg>${Valid_user}</arg>
<arg>${Invalid_password}</arg>
<arg>${Error_wrong_password}</arg>
<kw name="Clear Element Text" library="SeleniumLibrary">
<arg>${password_input}</arg>
<doc>Clears the value of the text-input-element identified by ``locator``.</doc>
<status status="PASS" starttime="20250308 16:29:56.758" endtime="20250308 16:29:57.295"/>
</kw>
<kw name="Fill username" library="standarduser__keywords">
<arg>${username}</arg>
<kw name="Element Should Be Enabled" library="SeleniumLibrary">
<arg>${username_input}</arg>
<doc>Verifies that element identified by ``locator`` is enabled.</doc>
<status status="PASS" starttime="20250308 16:29:57.297" endtime="20250308 16:29:58.087"/>
</kw>
<kw name="Input Text" library="SeleniumLibrary">
<arg>${username_input}</arg>
<arg>${Username}</arg>
<doc>Types the given ``text`` into the text field identified by ``locator``.</doc>
<msg timestamp="20250308 16:29:58.091" level="INFO">Typing text 'standard_user' into text field 'id=user-name'.</msg>
<status status="PASS" starttime="20250308 16:29:58.087" endtime="20250308 16:29:58.973"/>
</kw>
<status status="PASS" starttime="20250308 16:29:57.295" endtime="20250308 16:29:58.973"/>
</kw>
<kw name="Fill password" library="standarduser__keywords">
<arg>${password}</arg>
<kw name="Element Should Be Enabled" library="SeleniumLibrary">
<arg>${password_input}</arg>
<doc>Verifies that element identified by ``locator`` is enabled.</doc>
<status status="PASS" starttime="20250308 16:29:58.975" endtime="20250308 16:29:59.781"/>
</kw>
<kw name="Input Text" library="SeleniumLibrary">
<arg>${password_input}</arg>
<arg>${Password}</arg>
<doc>Types the given ``text`` into the text field identified by ``locator``.</doc>
<msg timestamp="20250308 16:29:59.781" level="INFO">Typing text 'invalid_password' into text field 'id=password'.</msg>
<status status="PASS" starttime="20250308 16:29:59.781" endtime="20250308 16:30:00.613"/>
</kw>
<status status="PASS" starttime="20250308 16:29:58.973" endtime="20250308 16:30:00.613"/>
</kw>
<kw name="Click Login" library="standarduser__keywords">
<kw name="Element Should Be Enabled" library="SeleniumLibrary">
<arg>${login_btn}</arg>
<doc>Verifies that element identified by ``locator`` is enabled.</doc>
<status status="PASS" starttime="20250308 16:30:00.613" endtime="20250308 16:30:01.399"/>
</kw>
<kw name="Click Element" library="SeleniumLibrary">
<arg>${login_btn}</arg>
<doc>Click the element identified by ``locator``.</doc>
<msg timestamp="20250308 16:30:01.399" level="INFO">Clicking element 'id=login-button'.</msg>
<status status="PASS" starttime="20250308 16:30:01.399" endtime="20250308 16:30:02.082"/>
</kw>
<status status="PASS" starttime="20250308 16:30:00.613" endtime="20250308 16:30:02.082"/>
</kw>
<kw name="Clear Element Text" library="SeleniumLibrary">
<arg>${password_input}</arg>
<doc>Clears the value of the text-input-element identified by ``locator``.</doc>
<status status="PASS" starttime="20250308 16:30:02.082" endtime="20250308 16:30:02.639"/>
</kw>
<kw name="Get Text" library="SeleniumLibrary">
<var>${Actual_error}</var>
<arg>xpath=//*[@id="login_button_container"]/div/form/div[3]</arg>
<doc>Returns the text value of the element identified by ``locator``.</doc>
<msg timestamp="20250308 16:30:03.204" level="INFO">${Actual_error} = Epic sadface: Username and password do not match any user in this service</msg>
<status status="PASS" starttime="20250308 16:30:02.639" endtime="20250308 16:30:03.204"/>
</kw>
<kw name="Log" library="BuiltIn">
<arg>Actual Error: "${actual_error}"</arg>
<doc>Logs the given message with the given level.</doc>
<msg timestamp="20250308 16:30:03.204" level="INFO">Actual Error: "Epic sadface: Username and password do not match any user in this service"</msg>
<status status="PASS" starttime="20250308 16:30:03.204" endtime="20250308 16:30:03.204"/>
</kw>
<kw name="Should Be Equal As Strings" library="BuiltIn">
<arg>${actual_error}</arg>
<arg>${expected_error}</arg>
<arg>Error message does not match!</arg>
<doc>Fails if objects are unequal after converting them to strings.</doc>
<status status="PASS" starttime="20250308 16:30:03.204" endtime="20250308 16:30:03.209"/>
</kw>
<status status="PASS" starttime="20250308 16:29:56.758" endtime="20250308 16:30:03.209"/>
</kw>
<status status="PASS" starttime="20250308 16:29:56.755" endtime="20250308 16:30:03.209"/>
</test>
<test id="s1-s1-s1-t3" name="Wrong user right password" line="27">
<kw name="Set Selenium Speed" library="SeleniumLibrary" type="SETUP">
<arg>0.25</arg>
<doc>Sets the delay that is waited after each Selenium command.</doc>
<status status="PASS" starttime="20250308 16:30:03.220" endtime="20250308 16:30:03.220"/>
</kw>
<kw name="Invalid Login">
<arg>${Invalid_user}</arg>
<arg>${Valid_password}</arg>
<arg>${Error_wrong_user}</arg>
<kw name="Clear Element Text" library="SeleniumLibrary">
<arg>${password_input}</arg>
<doc>Clears the value of the text-input-element identified by ``locator``.</doc>
<status status="PASS" starttime="20250308 16:30:03.220" endtime="20250308 16:30:03.816"/>
</kw>
<kw name="Fill username" library="standarduser__keywords">
<arg>${username}</arg>
<kw name="Element Should Be Enabled" library="SeleniumLibrary">
<arg>${username_input}</arg>
<doc>Verifies that element identified by ``locator`` is enabled.</doc>
<status status="PASS" starttime="20250308 16:30:03.816" endtime="20250308 16:30:04.627"/>
</kw>
<kw name="Input Text" library="SeleniumLibrary">
<arg>${username_input}</arg>
<arg>${Username}</arg>
<doc>Types the given ``text`` into the text field identified by ``locator``.</doc>
<msg timestamp="20250308 16:30:04.627" level="INFO">Typing text 'invalid_user' into text field 'id=user-name'.</msg>
<status status="PASS" starttime="20250308 16:30:04.627" endtime="20250308 16:30:05.566"/>
</kw>
<status status="PASS" starttime="20250308 16:30:03.816" endtime="20250308 16:30:05.566"/>
</kw>
<kw name="Fill password" library="standarduser__keywords">
<arg>${password}</arg>
<kw name="Element Should Be Enabled" library="SeleniumLibrary">
<arg>${password_input}</arg>
<doc>Verifies that element identified by ``locator`` is enabled.</doc>
<status status="PASS" starttime="20250308 16:30:05.570" endtime="20250308 16:30:06.389"/>
</kw>
<kw name="Input Text" library="SeleniumLibrary">
<arg>${password_input}</arg>
<arg>${Password}</arg>
<doc>Types the given ``text`` into the text field identified by ``locator``.</doc>
<msg timestamp="20250308 16:30:06.389" level="INFO">Typing text 'secret_sauce' into text field 'id=password'.</msg>
<status status="PASS" starttime="20250308 16:30:06.389" endtime="20250308 16:30:07.307"/>
</kw>
<status status="PASS" starttime="20250308 16:30:05.566" endtime="20250308 16:30:07.308"/>
</kw>
<kw name="Click Login" library="standarduser__keywords">
<kw name="Element Should Be Enabled" library="SeleniumLibrary">
<arg>${login_btn}</arg>
<doc>Verifies that element identified by ``locator`` is enabled.</doc>
<status status="PASS" starttime="20250308 16:30:07.310" endtime="20250308 16:30:08.128"/>
</kw>
<kw name="Click Element" library="SeleniumLibrary">
<arg>${login_btn}</arg>
<doc>Click the element identified by ``locator``.</doc>
<msg timestamp="20250308 16:30:08.130" level="INFO">Clicking element 'id=login-button'.</msg>
<status status="PASS" starttime="20250308 16:30:08.128" endtime="20250308 16:30:08.793"/>
</kw>
<status status="PASS" starttime="20250308 16:30:07.308" endtime="20250308 16:30:08.793"/>
</kw>
<kw name="Clear Element Text" library="SeleniumLibrary">
<arg>${password_input}</arg>
<doc>Clears the value of the text-input-element identified by ``locator``.</doc>
<status status="PASS" starttime="20250308 16:30:08.793" endtime="20250308 16:30:09.362"/>
</kw>
<kw name="Get Text" library="SeleniumLibrary">
<var>${Actual_error}</var>
<arg>xpath=//*[@id="login_button_container"]/div/form/div[3]</arg>
<doc>Returns the text value of the element identified by ``locator``.</doc>
<msg timestamp="20250308 16:30:09.899" level="INFO">${Actual_error} = Epic sadface: Username and password do not match any user in this service</msg>
<status status="PASS" starttime="20250308 16:30:09.362" endtime="20250308 16:30:09.899"/>
</kw>
<kw name="Log" library="BuiltIn">
<arg>Actual Error: "${actual_error}"</arg>
<doc>Logs the given message with the given level.</doc>
<msg timestamp="20250308 16:30:09.899" level="INFO">Actual Error: "Epic sadface: Username and password do not match any user in this service"</msg>
<status status="PASS" starttime="20250308 16:30:09.899" endtime="20250308 16:30:09.899"/>
</kw>
<kw name="Should Be Equal As Strings" library="BuiltIn">
<arg>${actual_error}</arg>
<arg>${expected_error}</arg>
<arg>Error message does not match!</arg>
<doc>Fails if objects are unequal after converting them to strings.</doc>
<status status="PASS" starttime="20250308 16:30:09.899" endtime="20250308 16:30:09.906"/>
</kw>
<status status="PASS" starttime="20250308 16:30:03.220" endtime="20250308 16:30:09.906"/>
</kw>
<status status="PASS" starttime="20250308 16:30:03.220" endtime="20250308 16:30:09.906"/>
</test>
<test id="s1-s1-s1-t4" name="Wrong user empty password" line="28">
<kw name="Set Selenium Speed" library="SeleniumLibrary" type="SETUP">
<arg>0.25</arg>
<doc>Sets the delay that is waited after each Selenium command.</doc>
<status status="PASS" starttime="20250308 16:30:09.919" endtime="20250308 16:30:09.919"/>
</kw>
<kw name="Invalid Login">
<arg>${Invalid_user}</arg>
<arg>${EMPTY}</arg>
<arg>${Error_empty_password}</arg>
<kw name="Clear Element Text" library="SeleniumLibrary">
<arg>${password_input}</arg>
<doc>Clears the value of the text-input-element identified by ``locator``.</doc>
<status status="PASS" starttime="20250308 16:30:09.919" endtime="20250308 16:30:10.514"/>
</kw>
<kw name="Fill username" library="standarduser__keywords">
<arg>${username}</arg>
<kw name="Element Should Be Enabled" library="SeleniumLibrary">
<arg>${username_input}</arg>
<doc>Verifies that element identified by ``locator`` is enabled.</doc>
<status status="PASS" starttime="20250308 16:30:10.516" endtime="20250308 16:30:11.353"/>
</kw>
<kw name="Input Text" library="SeleniumLibrary">
<arg>${username_input}</arg>
<arg>${Username}</arg>
<doc>Types the given ``text`` into the text field identified by ``locator``.</doc>
<msg timestamp="20250308 16:30:11.354" level="INFO">Typing text 'invalid_user' into text field 'id=user-name'.</msg>
<status status="PASS" starttime="20250308 16:30:11.354" endtime="20250308 16:30:12.256"/>
</kw>
<status status="PASS" starttime="20250308 16:30:10.514" endtime="20250308 16:30:12.256"/>
</kw>
<kw name="Fill password" library="standarduser__keywords">
<arg>${password}</arg>
<kw name="Element Should Be Enabled" library="SeleniumLibrary">
<arg>${password_input}</arg>
<doc>Verifies that element identified by ``locator`` is enabled.</doc>
<status status="PASS" starttime="20250308 16:30:12.256" endtime="20250308 16:30:13.068"/>
</kw>
<kw name="Input Text" library="SeleniumLibrary">
<arg>${password_input}</arg>
<arg>${Password}</arg>
<doc>Types the given ``text`` into the text field identified by ``locator``.</doc>
<msg timestamp="20250308 16:30:13.071" level="INFO">Typing text '' into text field 'id=password'.</msg>
<status status="PASS" starttime="20250308 16:30:13.068" endtime="20250308 16:30:13.974"/>
</kw>
<status status="PASS" starttime="20250308 16:30:12.256" endtime="20250308 16:30:13.974"/>
</kw>
<kw name="Click Login" library="standarduser__keywords">
<kw name="Element Should Be Enabled" library="SeleniumLibrary">
<arg>${login_btn}</arg>
<doc>Verifies that element identified by ``locator`` is enabled.</doc>
<status status="PASS" starttime="20250308 16:30:13.974" endtime="20250308 16:30:14.805"/>
</kw>
<kw name="Click Element" library="SeleniumLibrary">
<arg>${login_btn}</arg>
<doc>Click the element identified by ``locator``.</doc>
<msg timestamp="20250308 16:30:14.808" level="INFO">Clicking element 'id=login-button'.</msg>
<status status="PASS" starttime="20250308 16:30:14.805" endtime="20250308 16:30:15.469"/>
</kw>
<status status="PASS" starttime="20250308 16:30:13.974" endtime="20250308 16:30:15.469"/>
</kw>
<kw name="Clear Element Text" library="SeleniumLibrary">
<arg>${password_input}</arg>
<doc>Clears the value of the text-input-element identified by ``locator``.</doc>
<status status="PASS" starttime="20250308 16:30:15.469" endtime="20250308 16:30:16.049"/>
</kw>
<kw name="Get Text" library="SeleniumLibrary">
<var>${Actual_error}</var>
<arg>xpath=//*[@id="login_button_container"]/div/form/div[3]</arg>
<doc>Returns the text value of the element identified by ``locator``.</doc>
<msg timestamp="20250308 16:30:16.593" level="INFO">${Actual_error} = Epic sadface: Username and password do not match any user in this service</msg>
<status status="PASS" starttime="20250308 16:30:16.049" endtime="20250308 16:30:16.593"/>
</kw>
<kw name="Log" library="BuiltIn">
<arg>Actual Error: "${actual_error}"</arg>
<doc>Logs the given message with the given level.</doc>
<msg timestamp="20250308 16:30:16.595" level="INFO">Actual Error: "Epic sadface: Username and password do not match any user in this service"</msg>
<status status="PASS" starttime="20250308 16:30:16.595" endtime="20250308 16:30:16.595"/>
</kw>
<kw name="Should Be Equal As Strings" library="BuiltIn">
<arg>${actual_error}</arg>
<arg>${expected_error}</arg>
<arg>Error message does not match!</arg>
<doc>Fails if objects are unequal after converting them to strings.</doc>
<msg timestamp="20250308 16:30:16.595" level="FAIL">Error message does not match!: Epic sadface: Username and password do not match any user in this service != Epic sadface: Password is required</msg>
<status status="FAIL" starttime="20250308 16:30:16.595" endtime="20250308 16:30:16.595"/>
</kw>
<status status="FAIL" starttime="20250308 16:30:09.919" endtime="20250308 16:30:16.595"/>
</kw>
<status status="FAIL" starttime="20250308 16:30:09.906" endtime="20250308 16:30:16.605">Error message does not match!: Epic sadface: Username and password do not match any user in this service != Epic sadface: Password is required</status>
</test>
<test id="s1-s1-s1-t5" name="Wrong user wrong password" line="29">
<kw name="Set Selenium Speed" library="SeleniumLibrary" type="SETUP">
<arg>0.25</arg>
<doc>Sets the delay that is waited after each Selenium command.</doc>
<status status="PASS" starttime="20250308 16:30:16.615" endtime="20250308 16:30:16.615"/>
</kw>
<kw name="Invalid Login">
<arg>${Invalid_user}</arg>
<arg>${Invalid_password}</arg>
<arg>${Error_wrong_user}</arg>
<kw name="Clear Element Text" library="SeleniumLibrary">
<arg>${password_input}</arg>
<doc>Clears the value of the text-input-element identified by ``locator``.</doc>
<status status="PASS" starttime="20250308 16:30:16.615" endtime="20250308 16:30:17.210"/>
</kw>
<kw name="Fill username" library="standarduser__keywords">
<arg>${username}</arg>
<kw name="Element Should Be Enabled" library="SeleniumLibrary">
<arg>${username_input}</arg>
<doc>Verifies that element identified by ``locator`` is enabled.</doc>
<status status="PASS" starttime="20250308 16:30:17.210" endtime="20250308 16:30:18.034"/>
</kw>
<kw name="Input Text" library="SeleniumLibrary">
<arg>${username_input}</arg>
<arg>${Username}</arg>
<doc>Types the given ``text`` into the text field identified by ``locator``.</doc>
<msg timestamp="20250308 16:30:18.034" level="INFO">Typing text 'invalid_user' into text field 'id=user-name'.</msg>
<status status="PASS" starttime="20250308 16:30:18.034" endtime="20250308 16:30:18.918"/>
</kw>
<status status="PASS" starttime="20250308 16:30:17.210" endtime="20250308 16:30:18.918"/>
</kw>
<kw name="Fill password" library="standarduser__keywords">
<arg>${password}</arg>
<kw name="Element Should Be Enabled" library="SeleniumLibrary">
<arg>${password_input}</arg>
<doc>Verifies that element identified by ``locator`` is enabled.</doc>
<status status="PASS" starttime="20250308 16:30:18.918" endtime="20250308 16:30:19.749"/>
</kw>
<kw name="Input Text" library="SeleniumLibrary">
<arg>${password_input}</arg>
<arg>${Password}</arg>
<doc>Types the given ``text`` into the text field identified by ``locator``.</doc>
<msg timestamp="20250308 16:30:19.753" level="INFO">Typing text 'invalid_password' into text field 'id=password'.</msg>
<status status="PASS" starttime="20250308 16:30:19.749" endtime="20250308 16:30:20.658"/>
</kw>
<status status="PASS" starttime="20250308 16:30:18.918" endtime="20250308 16:30:20.658"/>
</kw>
<kw name="Click Login" library="standarduser__keywords">
<kw name="Element Should Be Enabled" library="SeleniumLibrary">
<arg>${login_btn}</arg>
<doc>Verifies that element identified by ``locator`` is enabled.</doc>
<status status="PASS" starttime="20250308 16:30:20.660" endtime="20250308 16:30:21.486"/>
</kw>
<kw name="Click Element" library="SeleniumLibrary">
<arg>${login_btn}</arg>
<doc>Click the element identified by ``locator``.</doc>
<msg timestamp="20250308 16:30:21.488" level="INFO">Clicking element 'id=login-button'.</msg>
<status status="PASS" starttime="20250308 16:30:21.486" endtime="20250308 16:30:22.107"/>
</kw>
<status status="PASS" starttime="20250308 16:30:20.658" endtime="20250308 16:30:22.107"/>
</kw>
<kw name="Clear Element Text" library="SeleniumLibrary">
<arg>${password_input}</arg>
<doc>Clears the value of the text-input-element identified by ``locator``.</doc>
<status status="PASS" starttime="20250308 16:30:22.107" endtime="20250308 16:30:22.655"/>
</kw>
<kw name="Get Text" library="SeleniumLibrary">
<var>${Actual_error}</var>
<arg>xpath=//*[@id="login_button_container"]/div/form/div[3]</arg>
<doc>Returns the text value of the element identified by ``locator``.</doc>
<msg timestamp="20250308 16:30:23.173" level="INFO">${Actual_error} = Epic sadface: Username and password do not match any user in this service</msg>
<status status="PASS" starttime="20250308 16:30:22.655" endtime="20250308 16:30:23.173"/>
</kw>
<kw name="Log" library="BuiltIn">
<arg>Actual Error: "${actual_error}"</arg>
<doc>Logs the given message with the given level.</doc>
<msg timestamp="20250308 16:30:23.174" level="INFO">Actual Error: "Epic sadface: Username and password do not match any user in this service"</msg>
<status status="PASS" starttime="20250308 16:30:23.173" endtime="20250308 16:30:23.174"/>
</kw>
<kw name="Should Be Equal As Strings" library="BuiltIn">
<arg>${actual_error}</arg>
<arg>${expected_error}</arg>
<arg>Error message does not match!</arg>
<doc>Fails if objects are unequal after converting them to strings.</doc>
<status status="PASS" starttime="20250308 16:30:23.174" endtime="20250308 16:30:23.175"/>
</kw>
<status status="PASS" starttime="20250308 16:30:16.615" endtime="20250308 16:30:23.175"/>
</kw>
<status status="PASS" starttime="20250308 16:30:16.605" endtime="20250308 16:30:23.176"/>
</test>
<kw name="Close All Browsers" library="SeleniumLibrary" type="TEARDOWN">
<doc>Closes all open browsers and resets the browser cache.</doc>
<status status="PASS" starttime="20250308 16:30:23.177" endtime="20250308 16:30:25.470"/>
</kw>
<doc>ตรวจสอบการล็อกอินกรณีชื่อผู้ใช้หรือรหัสผ่านไม่ถูกต้อง</doc>
<status status="FAIL" starttime="20250308 16:29:48.084" endtime="20250308 16:30:25.470"/>
</suite>
<status status="FAIL" starttime="20250308 16:29:48.074" endtime="20250308 16:30:25.470"/>
</suite>
<status status="FAIL" starttime="20250308 16:29:48.064" endtime="20250308 16:30:25.477"/>
</suite>
<statistics>
<total>
<stat pass="4" fail="1" skip="0">All Tests</stat>
</total>
<tag>
</tag>
<suite>
<stat pass="4" fail="1" skip="0" id="s1" name="Example Project">Example Project</stat>
<stat pass="4" fail="1" skip="0" id="s1-s1" name="Tests">Example Project.Tests</stat>
<stat pass="4" fail="1" skip="0" id="s1-s1-s1" name="Invalid login">Example Project.Tests.Invalid login</stat>
</suite>
</statistics>
<errors>
</errors>
</robot>
