<?xml version="1.0" encoding="UTF-8"?>
<robot generator="Robot 6.1.1 (Python 3.11.5 on win32)" generated="20250401 12:06:29.597" rpa="false" schemaversion="4">
<suite id="s1" name="Tests" source="D:\TestRobotframework\Example Project\Tests">
<suite id="s1-s1" name="Invalid login" source="D:\TestRobotframework\Example Project\Tests\Invalid_login.robot">
<kw name="Open and maximize browser" library="standarduser__keywords" type="SETUP">
<kw name="Open Browser" library="SeleniumLibrary">
<arg>${login_page}</arg>
<arg>Chrome</arg>
<doc>Opens a new browser instance to the optional ``url``.</doc>
<msg timestamp="20250401 12:06:30.025" level="INFO">Opening browser 'Chrome' to base url 'https://www.saucedemo.com/'.</msg>
<status status="PASS" starttime="20250401 12:06:30.023" endtime="20250401 12:06:34.861"/>
</kw>
<kw name="Maximize Browser Window" library="SeleniumLibrary">
<doc>Maximizes current browser window.</doc>
<status status="PASS" starttime="20250401 12:06:34.861" endtime="20250401 12:06:34.898"/>
</kw>
<status status="PASS" starttime="20250401 12:06:30.023" endtime="20250401 12:06:34.898"/>
</kw>
<test id="s1-s1-t1" name="Right user empty password" line="25">
<kw name="Set Selenium Speed" library="SeleniumLibrary" type="SETUP">
<arg>0.25</arg>
<doc>Sets the delay that is waited after each Selenium command.</doc>
<status status="PASS" starttime="20250401 12:06:34.899" endtime="20250401 12:06:34.899"/>
</kw>
<kw name="Invalid Login">
<arg>${Valid_user}</arg>
<arg>${EMPTY}</arg>
<arg>${Error_empty_password}</arg>
<kw name="Fill username" library="standarduser__keywords">
<arg>${username}</arg>
<kw name="Element Should Be Enabled" library="SeleniumLibrary">
<arg>${username_input}</arg>
<doc>Verifies that element identified by ``locator`` is enabled.</doc>
<status status="PASS" starttime="20250401 12:06:34.902" endtime="20250401 12:06:35.939"/>
</kw>
<kw name="Input Text" library="SeleniumLibrary">
<arg>${username_input}</arg>
<arg>${Username}</arg>
<doc>Types the given ``text`` into the text field identified by ``locator``.</doc>
<msg timestamp="20250401 12:06:35.942" level="INFO">Typing text 'standard_user' into text field 'id=user-name'.</msg>
<status status="PASS" starttime="20250401 12:06:35.940" endtime="20250401 12:06:36.950"/>
</kw>
<status status="PASS" starttime="20250401 12:06:34.902" endtime="20250401 12:06:36.950"/>
</kw>
<kw name="Fill password" library="standarduser__keywords">
<arg>${password}</arg>
<kw name="Element Should Be Enabled" library="SeleniumLibrary">
<arg>${password_input}</arg>
<doc>Verifies that element identified by ``locator`` is enabled.</doc>
<status status="PASS" starttime="20250401 12:06:36.951" endtime="20250401 12:06:37.780"/>
</kw>
<kw name="Input Text" library="SeleniumLibrary">
<arg>${password_input}</arg>
<arg>${Password}</arg>
<doc>Types the given ``text`` into the text field identified by ``locator``.</doc>
<msg timestamp="20250401 12:06:37.780" level="INFO">Typing text '' into text field 'id=password'.</msg>
<status status="PASS" starttime="20250401 12:06:37.780" endtime="20250401 12:06:38.713"/>
</kw>
<status status="PASS" starttime="20250401 12:06:36.950" endtime="20250401 12:06:38.714"/>
</kw>
<kw name="Sleep" library="BuiltIn">
<arg>0.5</arg>
<doc>Pauses the test executed for the given time.</doc>
<msg timestamp="20250401 12:06:39.214" level="INFO">Slept 500 milliseconds</msg>
<status status="PASS" starttime="20250401 12:06:38.714" endtime="20250401 12:06:39.215"/>
</kw>
<kw name="Click Login" library="standarduser__keywords">
<kw name="Element Should Be Enabled" library="SeleniumLibrary">
<arg>${login_btn}</arg>
<doc>Verifies that element identified by ``locator`` is enabled.</doc>
<status status="PASS" starttime="20250401 12:06:39.217" endtime="20250401 12:06:40.054"/>
</kw>
<kw name="Click Element" library="SeleniumLibrary">
<arg>${login_btn}</arg>
<doc>Click the element identified by ``locator``.</doc>
<msg timestamp="20250401 12:06:40.056" level="INFO">Clicking element 'id=login-button'.</msg>
<status status="PASS" starttime="20250401 12:06:40.054" endtime="20250401 12:06:40.692"/>
</kw>
<status status="PASS" starttime="20250401 12:06:39.215" endtime="20250401 12:06:40.692"/>
</kw>
<kw name="Clear Element Text" library="SeleniumLibrary">
<arg>${username_input}</arg>
<doc>Clears the value of the text-input-element identified by ``locator``.</doc>
<status status="PASS" starttime="20250401 12:06:40.693" endtime="20250401 12:06:41.312"/>
</kw>
<kw name="Clear Element Text" library="SeleniumLibrary">
<arg>${password_input}</arg>
<doc>Clears the value of the text-input-element identified by ``locator``.</doc>
<status status="PASS" starttime="20250401 12:06:41.312" endtime="20250401 12:06:41.922"/>
</kw>
<kw name="Get Text" library="SeleniumLibrary">
<var>${Actual_error}</var>
<arg>xpath=//*[@id="login_button_container"]/div/form/div[3]</arg>
<doc>Returns the text value of the element identified by ``locator``.</doc>
<msg timestamp="20250401 12:06:42.533" level="INFO">${Actual_error} = Epic sadface: Password is required</msg>
<status status="PASS" starttime="20250401 12:06:41.922" endtime="20250401 12:06:42.533"/>
</kw>
<kw name="Log" library="BuiltIn">
<arg>Actual Error: "${actual_error}"</arg>
<doc>Logs the given message with the given level.</doc>
<msg timestamp="20250401 12:06:42.534" level="INFO">Actual Error: "Epic sadface: Password is required"</msg>
<status status="PASS" starttime="20250401 12:06:42.534" endtime="20250401 12:06:42.534"/>
</kw>
<kw name="Should Be Equal As Strings" library="BuiltIn">
<arg>${actual_error}</arg>
<arg>${expected_error}</arg>
<arg>Error message does not match!</arg>
<doc>Fails if objects are unequal after converting them to strings.</doc>
<status status="PASS" starttime="20250401 12:06:42.535" endtime="20250401 12:06:42.535"/>
</kw>
<status status="PASS" starttime="20250401 12:06:34.900" endtime="20250401 12:06:42.535"/>
</kw>
<status status="PASS" starttime="20250401 12:06:34.898" endtime="20250401 12:06:42.537"/>
</test>
<test id="s1-s1-t2" name="Right user wrong password" line="26">
<kw name="Set Selenium Speed" library="SeleniumLibrary" type="SETUP">
<arg>0.25</arg>
<doc>Sets the delay that is waited after each Selenium command.</doc>
<status status="PASS" starttime="20250401 12:06:42.542" endtime="20250401 12:06:42.543"/>
</kw>
<kw name="Invalid Login">
<arg>${Valid_user}</arg>
<arg>${Invalid_password}</arg>
<arg>${Error_wrong_password}</arg>
<kw name="Fill username" library="standarduser__keywords">
<arg>${username}</arg>
<kw name="Element Should Be Enabled" library="SeleniumLibrary">
<arg>${username_input}</arg>
<doc>Verifies that element identified by ``locator`` is enabled.</doc>
<status status="PASS" starttime="20250401 12:06:42.548" endtime="20250401 12:06:43.384"/>
</kw>
<kw name="Input Text" library="SeleniumLibrary">
<arg>${username_input}</arg>
<arg>${Username}</arg>
<doc>Types the given ``text`` into the text field identified by ``locator``.</doc>
<msg timestamp="20250401 12:06:43.387" level="INFO">Typing text 'standard_user' into text field 'id=user-name'.</msg>
<status status="PASS" starttime="20250401 12:06:43.385" endtime="20250401 12:06:44.420"/>
</kw>
<status status="PASS" starttime="20250401 12:06:42.546" endtime="20250401 12:06:44.421"/>
</kw>
<kw name="Fill password" library="standarduser__keywords">
<arg>${password}</arg>
<kw name="Element Should Be Enabled" library="SeleniumLibrary">
<arg>${password_input}</arg>
<doc>Verifies that element identified by ``locator`` is enabled.</doc>
<status status="PASS" starttime="20250401 12:06:44.422" endtime="20250401 12:06:45.264"/>
</kw>
<kw name="Input Text" library="SeleniumLibrary">
<arg>${password_input}</arg>
<arg>${Password}</arg>
<doc>Types the given ``text`` into the text field identified by ``locator``.</doc>
<msg timestamp="20250401 12:06:45.266" level="INFO">Typing text 'invalid_password' into text field 'id=password'.</msg>
<status status="PASS" starttime="20250401 12:06:45.264" endtime="20250401 12:06:46.178"/>
</kw>
<status status="PASS" starttime="20250401 12:06:44.421" endtime="20250401 12:06:46.179"/>
</kw>
<kw name="Sleep" library="BuiltIn">
<arg>0.5</arg>
<doc>Pauses the test executed for the given time.</doc>
<msg timestamp="20250401 12:06:46.679" level="INFO">Slept 500 milliseconds</msg>
<status status="PASS" starttime="20250401 12:06:46.179" endtime="20250401 12:06:46.679"/>
</kw>
<kw name="Click Login" library="standarduser__keywords">
<kw name="Element Should Be Enabled" library="SeleniumLibrary">
<arg>${login_btn}</arg>
<doc>Verifies that element identified by ``locator`` is enabled.</doc>
<status status="PASS" starttime="20250401 12:06:46.681" endtime="20250401 12:06:47.508"/>
</kw>
<kw name="Click Element" library="SeleniumLibrary">
<arg>${login_btn}</arg>
<doc>Click the element identified by ``locator``.</doc>
<msg timestamp="20250401 12:06:47.510" level="INFO">Clicking element 'id=login-button'.</msg>
<status status="PASS" starttime="20250401 12:06:47.508" endtime="20250401 12:06:48.221"/>
</kw>
<status status="PASS" starttime="20250401 12:06:46.680" endtime="20250401 12:06:48.221"/>
</kw>
<kw name="Clear Element Text" library="SeleniumLibrary">
<arg>${username_input}</arg>
<doc>Clears the value of the text-input-element identified by ``locator``.</doc>
<status status="PASS" starttime="20250401 12:06:48.222" endtime="20250401 12:06:48.805"/>
</kw>
<kw name="Clear Element Text" library="SeleniumLibrary">
<arg>${password_input}</arg>
<doc>Clears the value of the text-input-element identified by ``locator``.</doc>
<status status="PASS" starttime="20250401 12:06:48.805" endtime="20250401 12:06:49.428"/>
</kw>
<kw name="Get Text" library="SeleniumLibrary">
<var>${Actual_error}</var>
<arg>xpath=//*[@id="login_button_container"]/div/form/div[3]</arg>
<doc>Returns the text value of the element identified by ``locator``.</doc>
<msg timestamp="20250401 12:06:50.007" level="INFO">${Actual_error} = Epic sadface: Username and password do not match any user in this service</msg>
<status status="PASS" starttime="20250401 12:06:49.428" endtime="20250401 12:06:50.007"/>
</kw>
<kw name="Log" library="BuiltIn">
<arg>Actual Error: "${actual_error}"</arg>
<doc>Logs the given message with the given level.</doc>
<msg timestamp="20250401 12:06:50.008" level="INFO">Actual Error: "Epic sadface: Username and password do not match any user in this service"</msg>
<status status="PASS" starttime="20250401 12:06:50.007" endtime="20250401 12:06:50.008"/>
</kw>
<kw name="Should Be Equal As Strings" library="BuiltIn">
<arg>${actual_error}</arg>
<arg>${expected_error}</arg>
<arg>Error message does not match!</arg>
<doc>Fails if objects are unequal after converting them to strings.</doc>
<status status="PASS" starttime="20250401 12:06:50.008" endtime="20250401 12:06:50.009"/>
</kw>
<status status="PASS" starttime="20250401 12:06:42.544" endtime="20250401 12:06:50.010"/>
</kw>
<status status="PASS" starttime="20250401 12:06:42.541" endtime="20250401 12:06:50.011"/>
</test>
<test id="s1-s1-t3" name="Wrong user right password" line="27">
<kw name="Set Selenium Speed" library="SeleniumLibrary" type="SETUP">
<arg>0.25</arg>
<doc>Sets the delay that is waited after each Selenium command.</doc>
<status status="PASS" starttime="20250401 12:06:50.016" endtime="20250401 12:06:50.016"/>
</kw>
<kw name="Invalid Login">
<arg>${Invalid_user}</arg>
<arg>${Valid_password}</arg>
<arg>${Error_wrong_user}</arg>
<kw name="Fill username" library="standarduser__keywords">
<arg>${username}</arg>
<kw name="Element Should Be Enabled" library="SeleniumLibrary">
<arg>${username_input}</arg>
<doc>Verifies that element identified by ``locator`` is enabled.</doc>
<status status="PASS" starttime="20250401 12:06:50.019" endtime="20250401 12:06:50.851"/>
</kw>
<kw name="Input Text" library="SeleniumLibrary">
<arg>${username_input}</arg>
<arg>${Username}</arg>
<doc>Types the given ``text`` into the text field identified by ``locator``.</doc>
<msg timestamp="20250401 12:06:50.854" level="INFO">Typing text 'invalid_user' into text field 'id=user-name'.</msg>
<status status="PASS" starttime="20250401 12:06:50.851" endtime="20250401 12:06:51.871"/>
</kw>
<status status="PASS" starttime="20250401 12:06:50.018" endtime="20250401 12:06:51.871"/>
</kw>
<kw name="Fill password" library="standarduser__keywords">
<arg>${password}</arg>
<kw name="Element Should Be Enabled" library="SeleniumLibrary">
<arg>${password_input}</arg>
<doc>Verifies that element identified by ``locator`` is enabled.</doc>
<status status="PASS" starttime="20250401 12:06:51.873" endtime="20250401 12:06:52.699"/>
</kw>
<kw name="Input Text" library="SeleniumLibrary">
<arg>${password_input}</arg>
<arg>${Password}</arg>
<doc>Types the given ``text`` into the text field identified by ``locator``.</doc>
<msg timestamp="20250401 12:06:52.701" level="INFO">Typing text 'secret_sauce' into text field 'id=password'.</msg>
<status status="PASS" starttime="20250401 12:06:52.699" endtime="20250401 12:06:53.649"/>
</kw>
<status status="PASS" starttime="20250401 12:06:51.871" endtime="20250401 12:06:53.649"/>
</kw>
<kw name="Sleep" library="BuiltIn">
<arg>0.5</arg>
<doc>Pauses the test executed for the given time.</doc>
<msg timestamp="20250401 12:06:54.151" level="INFO">Slept 500 milliseconds</msg>
<status status="PASS" starttime="20250401 12:06:53.649" endtime="20250401 12:06:54.151"/>
</kw>
<kw name="Click Login" library="standarduser__keywords">
<kw name="Element Should Be Enabled" library="SeleniumLibrary">
<arg>${login_btn}</arg>
<doc>Verifies that element identified by ``locator`` is enabled.</doc>
<status status="PASS" starttime="20250401 12:06:54.152" endtime="20250401 12:06:54.980"/>
</kw>
<kw name="Click Element" library="SeleniumLibrary">
<arg>${login_btn}</arg>
<doc>Click the element identified by ``locator``.</doc>
<msg timestamp="20250401 12:06:54.983" level="INFO">Clicking element 'id=login-button'.</msg>
<status status="PASS" starttime="20250401 12:06:54.980" endtime="20250401 12:06:55.670"/>
</kw>
<status status="PASS" starttime="20250401 12:06:54.151" endtime="20250401 12:06:55.670"/>
</kw>
<kw name="Clear Element Text" library="SeleniumLibrary">
<arg>${username_input}</arg>
<doc>Clears the value of the text-input-element identified by ``locator``.</doc>
<status status="PASS" starttime="20250401 12:06:55.670" endtime="20250401 12:06:56.264"/>
</kw>
<kw name="Clear Element Text" library="SeleniumLibrary">
<arg>${password_input}</arg>
<doc>Clears the value of the text-input-element identified by ``locator``.</doc>
<status status="PASS" starttime="20250401 12:06:56.264" endtime="20250401 12:06:56.855"/>
</kw>
<kw name="Get Text" library="SeleniumLibrary">
<var>${Actual_error}</var>
<arg>xpath=//*[@id="login_button_container"]/div/form/div[3]</arg>
<doc>Returns the text value of the element identified by ``locator``.</doc>
<msg timestamp="20250401 12:06:57.407" level="INFO">${Actual_error} = Epic sadface: Username and password do not match any user in this service</msg>
<status status="PASS" starttime="20250401 12:06:56.855" endtime="20250401 12:06:57.407"/>
</kw>
<kw name="Log" library="BuiltIn">
<arg>Actual Error: "${actual_error}"</arg>
<doc>Logs the given message with the given level.</doc>
<msg timestamp="20250401 12:06:57.408" level="INFO">Actual Error: "Epic sadface: Username and password do not match any user in this service"</msg>
<status status="PASS" starttime="20250401 12:06:57.408" endtime="20250401 12:06:57.408"/>
</kw>
<kw name="Should Be Equal As Strings" library="BuiltIn">
<arg>${actual_error}</arg>
<arg>${expected_error}</arg>
<arg>Error message does not match!</arg>
<doc>Fails if objects are unequal after converting them to strings.</doc>
<status status="PASS" starttime="20250401 12:06:57.409" endtime="20250401 12:06:57.409"/>
</kw>
<status status="PASS" starttime="20250401 12:06:50.017" endtime="20250401 12:06:57.410"/>
</kw>
<status status="PASS" starttime="20250401 12:06:50.015" endtime="20250401 12:06:57.411"/>
</test>
<test id="s1-s1-t4" name="Wrong user empty password" line="28">
<kw name="Set Selenium Speed" library="SeleniumLibrary" type="SETUP">
<arg>0.25</arg>
<doc>Sets the delay that is waited after each Selenium command.</doc>
<status status="PASS" starttime="20250401 12:06:57.417" endtime="20250401 12:06:57.419"/>
</kw>
<kw name="Invalid Login">
<arg>${Invalid_user}</arg>
<arg>${EMPTY}</arg>
<arg>${Error_wrong_password}</arg>
<kw name="Fill username" library="standarduser__keywords">
<arg>${username}</arg>
<kw name="Element Should Be Enabled" library="SeleniumLibrary">
<arg>${username_input}</arg>
<doc>Verifies that element identified by ``locator`` is enabled.</doc>
<status status="PASS" starttime="20250401 12:06:57.422" endtime="20250401 12:06:58.263"/>
</kw>
<kw name="Input Text" library="SeleniumLibrary">
<arg>${username_input}</arg>
<arg>${Username}</arg>
<doc>Types the given ``text`` into the text field identified by ``locator``.</doc>
<msg timestamp="20250401 12:06:58.266" level="INFO">Typing text 'invalid_user' into text field 'id=user-name'.</msg>
<status status="PASS" starttime="20250401 12:06:58.263" endtime="20250401 12:06:59.325"/>
</kw>
<status status="PASS" starttime="20250401 12:06:57.422" endtime="20250401 12:06:59.325"/>
</kw>
<kw name="Fill password" library="standarduser__keywords">
<arg>${password}</arg>
<kw name="Element Should Be Enabled" library="SeleniumLibrary">
<arg>${password_input}</arg>
<doc>Verifies that element identified by ``locator`` is enabled.</doc>
<status status="PASS" starttime="20250401 12:06:59.326" endtime="20250401 12:07:00.152"/>
</kw>
<kw name="Input Text" library="SeleniumLibrary">
<arg>${password_input}</arg>
<arg>${Password}</arg>
<doc>Types the given ``text`` into the text field identified by ``locator``.</doc>
<msg timestamp="20250401 12:07:00.154" level="INFO">Typing text '' into text field 'id=password'.</msg>
<status status="PASS" starttime="20250401 12:07:00.152" endtime="20250401 12:07:01.107"/>
</kw>
<status status="PASS" starttime="20250401 12:06:59.326" endtime="20250401 12:07:01.107"/>
</kw>
<kw name="Sleep" library="BuiltIn">
<arg>0.5</arg>
<doc>Pauses the test executed for the given time.</doc>
<msg timestamp="20250401 12:07:01.609" level="INFO">Slept 500 milliseconds</msg>
<status status="PASS" starttime="20250401 12:07:01.107" endtime="20250401 12:07:01.609"/>
</kw>
<kw name="Click Login" library="standarduser__keywords">
<kw name="Element Should Be Enabled" library="SeleniumLibrary">
<arg>${login_btn}</arg>
<doc>Verifies that element identified by ``locator`` is enabled.</doc>
<status status="PASS" starttime="20250401 12:07:01.610" endtime="20250401 12:07:02.435"/>
</kw>
<kw name="Click Element" library="SeleniumLibrary">
<arg>${login_btn}</arg>
<doc>Click the element identified by ``locator``.</doc>
<msg timestamp="20250401 12:07:02.437" level="INFO">Clicking element 'id=login-button'.</msg>
<status status="PASS" starttime="20250401 12:07:02.435" endtime="20250401 12:07:03.139"/>
</kw>
<status status="PASS" starttime="20250401 12:07:01.609" endtime="20250401 12:07:03.139"/>
</kw>
<kw name="Clear Element Text" library="SeleniumLibrary">
<arg>${username_input}</arg>
<doc>Clears the value of the text-input-element identified by ``locator``.</doc>
<status status="PASS" starttime="20250401 12:07:03.140" endtime="20250401 12:07:03.736"/>
</kw>
<kw name="Clear Element Text" library="SeleniumLibrary">
<arg>${password_input}</arg>
<doc>Clears the value of the text-input-element identified by ``locator``.</doc>
<status status="PASS" starttime="20250401 12:07:03.737" endtime="20250401 12:07:04.361"/>
</kw>
<kw name="Get Text" library="SeleniumLibrary">
<var>${Actual_error}</var>
<arg>xpath=//*[@id="login_button_container"]/div/form/div[3]</arg>
<doc>Returns the text value of the element identified by ``locator``.</doc>
<msg timestamp="20250401 12:07:04.932" level="INFO">${Actual_error} = Epic sadface: Username and password do not match any user in this service</msg>
<status status="PASS" starttime="20250401 12:07:04.362" endtime="20250401 12:07:04.932"/>
</kw>
<kw name="Log" library="BuiltIn">
<arg>Actual Error: "${actual_error}"</arg>
<doc>Logs the given message with the given level.</doc>
<msg timestamp="20250401 12:07:04.933" level="INFO">Actual Error: "Epic sadface: Username and password do not match any user in this service"</msg>
<status status="PASS" starttime="20250401 12:07:04.932" endtime="20250401 12:07:04.933"/>
</kw>
<kw name="Should Be Equal As Strings" library="BuiltIn">
<arg>${actual_error}</arg>
<arg>${expected_error}</arg>
<arg>Error message does not match!</arg>
<doc>Fails if objects are unequal after converting them to strings.</doc>
<status status="PASS" starttime="20250401 12:07:04.933" endtime="20250401 12:07:04.935"/>
</kw>
<status status="PASS" starttime="20250401 12:06:57.419" endtime="20250401 12:07:04.935"/>
</kw>
<status status="PASS" starttime="20250401 12:06:57.416" endtime="20250401 12:07:04.937"/>
</test>
<test id="s1-s1-t5" name="Wrong user wrong password" line="29">
<kw name="Set Selenium Speed" library="SeleniumLibrary" type="SETUP">
<arg>0.25</arg>
<doc>Sets the delay that is waited after each Selenium command.</doc>
<status status="PASS" starttime="20250401 12:07:04.942" endtime="20250401 12:07:04.943"/>
</kw>
<kw name="Invalid Login">
<arg>${Invalid_user}</arg>
<arg>${Invalid_password}</arg>
<arg>${Error_wrong_user}</arg>
<kw name="Fill username" library="standarduser__keywords">
<arg>${username}</arg>
<kw name="Element Should Be Enabled" library="SeleniumLibrary">
<arg>${username_input}</arg>
<doc>Verifies that element identified by ``locator`` is enabled.</doc>
<status status="PASS" starttime="20250401 12:07:04.946" endtime="20250401 12:07:05.774"/>
</kw>
<kw name="Input Text" library="SeleniumLibrary">
<arg>${username_input}</arg>
<arg>${Username}</arg>
<doc>Types the given ``text`` into the text field identified by ``locator``.</doc>
<msg timestamp="20250401 12:07:05.777" level="INFO">Typing text 'invalid_user' into text field 'id=user-name'.</msg>
<status status="PASS" starttime="20250401 12:07:05.775" endtime="20250401 12:07:06.732"/>
</kw>
<status status="PASS" starttime="20250401 12:07:04.945" endtime="20250401 12:07:06.732"/>
</kw>
<kw name="Fill password" library="standarduser__keywords">
<arg>${password}</arg>
<kw name="Element Should Be Enabled" library="SeleniumLibrary">
<arg>${password_input}</arg>
<doc>Verifies that element identified by ``locator`` is enabled.</doc>
<status status="PASS" starttime="20250401 12:07:06.733" endtime="20250401 12:07:07.563"/>
</kw>
<kw name="Input Text" library="SeleniumLibrary">
<arg>${password_input}</arg>
<arg>${Password}</arg>
<doc>Types the given ``text`` into the text field identified by ``locator``.</doc>
<msg timestamp="20250401 12:07:07.565" level="INFO">Typing text 'invalid_password' into text field 'id=password'.</msg>
<status status="PASS" starttime="20250401 12:07:07.563" endtime="20250401 12:07:08.553"/>
</kw>
<status status="PASS" starttime="20250401 12:07:06.732" endtime="20250401 12:07:08.553"/>
</kw>
<kw name="Sleep" library="BuiltIn">
<arg>0.5</arg>
<doc>Pauses the test executed for the given time.</doc>
<msg timestamp="20250401 12:07:09.054" level="INFO">Slept 500 milliseconds</msg>
<status status="PASS" starttime="20250401 12:07:08.553" endtime="20250401 12:07:09.054"/>
</kw>
<kw name="Click Login" library="standarduser__keywords">
<kw name="Element Should Be Enabled" library="SeleniumLibrary">
<arg>${login_btn}</arg>
<doc>Verifies that element identified by ``locator`` is enabled.</doc>
<status status="PASS" starttime="20250401 12:07:09.055" endtime="20250401 12:07:09.878"/>
</kw>
<kw name="Click Element" library="SeleniumLibrary">
<arg>${login_btn}</arg>
<doc>Click the element identified by ``locator``.</doc>
<msg timestamp="20250401 12:07:09.880" level="INFO">Clicking element 'id=login-button'.</msg>
<status status="PASS" starttime="20250401 12:07:09.879" endtime="20250401 12:07:10.585"/>
</kw>
<status status="PASS" starttime="20250401 12:07:09.054" endtime="20250401 12:07:10.585"/>
</kw>
<kw name="Clear Element Text" library="SeleniumLibrary">
<arg>${username_input}</arg>
<doc>Clears the value of the text-input-element identified by ``locator``.</doc>
<status status="PASS" starttime="20250401 12:07:10.586" endtime="20250401 12:07:11.180"/>
</kw>
<kw name="Clear Element Text" library="SeleniumLibrary">
<arg>${password_input}</arg>
<doc>Clears the value of the text-input-element identified by ``locator``.</doc>
<status status="PASS" starttime="20250401 12:07:11.180" endtime="20250401 12:07:11.787"/>
</kw>
<kw name="Get Text" library="SeleniumLibrary">
<var>${Actual_error}</var>
<arg>xpath=//*[@id="login_button_container"]/div/form/div[3]</arg>
<doc>Returns the text value of the element identified by ``locator``.</doc>
<msg timestamp="20250401 12:07:12.356" level="INFO">${Actual_error} = Epic sadface: Username and password do not match any user in this service</msg>
<status status="PASS" starttime="20250401 12:07:11.787" endtime="20250401 12:07:12.356"/>
</kw>
<kw name="Log" library="BuiltIn">
<arg>Actual Error: "${actual_error}"</arg>
<doc>Logs the given message with the given level.</doc>
<msg timestamp="20250401 12:07:12.357" level="INFO">Actual Error: "Epic sadface: Username and password do not match any user in this service"</msg>
<status status="PASS" starttime="20250401 12:07:12.357" endtime="20250401 12:07:12.357"/>
</kw>
<kw name="Should Be Equal As Strings" library="BuiltIn">
<arg>${actual_error}</arg>
<arg>${expected_error}</arg>
<arg>Error message does not match!</arg>
<doc>Fails if objects are unequal after converting them to strings.</doc>
<status status="PASS" starttime="20250401 12:07:12.358" endtime="20250401 12:07:12.358"/>
</kw>
<status status="PASS" starttime="20250401 12:07:04.944" endtime="20250401 12:07:12.359"/>
</kw>
<status status="PASS" starttime="20250401 12:07:04.941" endtime="20250401 12:07:12.360"/>
</test>
<kw name="Close All Browsers" library="SeleniumLibrary" type="TEARDOWN">
<doc>Closes all open browsers and resets the browser cache.</doc>
<status status="PASS" starttime="20250401 12:07:12.364" endtime="20250401 12:07:14.841"/>
</kw>
<doc>ตรวจสอบการล็อกอินกรณีชื่อผู้ใช้หรือรหัสผ่านไม่ถูกต้อง</doc>
<status status="PASS" starttime="20250401 12:06:29.631" endtime="20250401 12:07:14.841"/>
</suite>
<suite id="s1-s2" name="Login lockeduser" source="D:\TestRobotframework\Example Project\Tests\Login_lockeduser.robot">
<kw name="Open and maximize browser" library="standarduser__keywords" type="SETUP">
<kw name="Open Browser" library="SeleniumLibrary">
<arg>${login_page}</arg>
<arg>Chrome</arg>
<doc>Opens a new browser instance to the optional ``url``.</doc>
<msg timestamp="20250401 12:07:14.887" level="INFO">Opening browser 'Chrome' to base url 'https://www.saucedemo.com/'.</msg>
<status status="PASS" starttime="20250401 12:07:14.885" endtime="20250401 12:07:17.432"/>
</kw>
<kw name="Maximize Browser Window" library="SeleniumLibrary">
<doc>Maximizes current browser window.</doc>
<status status="PASS" starttime="20250401 12:07:17.432" endtime="20250401 12:07:17.749"/>
</kw>
<status status="PASS" starttime="20250401 12:07:14.884" endtime="20250401 12:07:17.750"/>
</kw>
<test id="s1-s2-t1" name="Login As Locked User" line="12">
<kw name="Set Selenium Speed" library="SeleniumLibrary" type="SETUP">
<arg>0.25</arg>
<doc>Sets the delay that is waited after each Selenium command.</doc>
<status status="PASS" starttime="20250401 12:07:17.752" endtime="20250401 12:07:17.753"/>
</kw>
<kw name="Login With Credentials" library="standarduser__keywords">
<arg>locked_out_user</arg>
<arg>secret_sauce</arg>
<kw name="Input Text" library="SeleniumLibrary">
<arg>${username_input}</arg>
<arg>${username}</arg>
<doc>Types the given ``text`` into the text field identified by ``locator``.</doc>
<msg timestamp="20250401 12:07:17.757" level="INFO">Typing text 'locked_out_user' into text field 'id=user-name'.</msg>
<status status="PASS" starttime="20250401 12:07:17.754" endtime="20250401 12:07:18.755"/>
</kw>
<kw name="Input Text" library="SeleniumLibrary">
<arg>${password_input}</arg>
<arg>${password}</arg>
<doc>Types the given ``text`` into the text field identified by ``locator``.</doc>
<msg timestamp="20250401 12:07:18.758" level="INFO">Typing text 'secret_sauce' into text field 'id=password'.</msg>
<status status="PASS" starttime="20250401 12:07:18.755" endtime="20250401 12:07:19.723"/>
</kw>
<kw name="Click Button" library="SeleniumLibrary">
<arg>${login_btn}</arg>
<doc>Clicks the button identified by ``locator``.</doc>
<msg timestamp="20250401 12:07:19.725" level="INFO">Clicking button 'id=login-button'.</msg>
<status status="PASS" starttime="20250401 12:07:19.724" endtime="20250401 12:07:20.686"/>
</kw>
<status status="PASS" starttime="20250401 12:07:17.754" endtime="20250401 12:07:20.686"/>
</kw>
<kw name="Get Text" library="SeleniumLibrary">
<var>${Actual_error}</var>
<arg>xpath=//*[@id="login_button_container"]/div/form/div[3]</arg>
<doc>Returns the text value of the element identified by ``locator``.</doc>
<msg timestamp="20250401 12:07:21.284" level="INFO">${Actual_error} = Epic sadface: Sorry, this user has been locked out.</msg>
<status status="PASS" starttime="20250401 12:07:20.688" endtime="20250401 12:07:21.284"/>
</kw>
<kw name="Should Be Equal As Strings" library="BuiltIn">
<arg>${Actual_error}</arg>
<arg>Epic sadface: Sorry, this user has been locked out.</arg>
<arg>Error message does not match!</arg>
<doc>Fails if objects are unequal after converting them to strings.</doc>
<status status="PASS" starttime="20250401 12:07:21.286" endtime="20250401 12:07:21.287"/>
</kw>
<status status="PASS" starttime="20250401 12:07:17.750" endtime="20250401 12:07:21.288"/>
</test>
<kw name="Close All Browsers" library="SeleniumLibrary" type="TEARDOWN">
<doc>Closes all open browsers and resets the browser cache.</doc>
<status status="PASS" starttime="20250401 12:07:21.293" endtime="20250401 12:07:23.737"/>
</kw>
<doc>ตรวจสอบการล็อกอินด้วย User ที่ถูกล็อค</doc>
<status status="PASS" starttime="20250401 12:07:14.854" endtime="20250401 12:07:23.737"/>
</suite>
<suite id="s1-s3" name="Manage cart" source="D:\TestRobotframework\Example Project\Tests\Manage_cart.robot">
<kw name="Open and maximize browser" library="standarduser__keywords" type="SETUP">
<kw name="Open Browser" library="SeleniumLibrary">
<arg>${login_page}</arg>
<arg>Chrome</arg>
<doc>Opens a new browser instance to the optional ``url``.</doc>
<msg timestamp="20250401 12:07:23.771" level="INFO">Opening browser 'Chrome' to base url 'https://www.saucedemo.com/'.</msg>
<status status="PASS" starttime="20250401 12:07:23.769" endtime="20250401 12:07:26.278"/>
</kw>
<kw name="Maximize Browser Window" library="SeleniumLibrary">
<doc>Maximizes current browser window.</doc>
<status status="PASS" starttime="20250401 12:07:26.278" endtime="20250401 12:07:26.580"/>
</kw>
<status status="PASS" starttime="20250401 12:07:23.769" endtime="20250401 12:07:26.580"/>
</kw>
<test id="s1-s3-t1" name="Login As Standard User" line="12">
<kw name="Set Selenium Speed" library="SeleniumLibrary" type="SETUP">
<arg>0.25</arg>
<doc>Sets the delay that is waited after each Selenium command.</doc>
<status status="PASS" starttime="20250401 12:07:26.582" endtime="20250401 12:07:26.583"/>
</kw>
<kw name="Login With Credentials" library="standarduser__keywords">
<arg>standard_user</arg>
<arg>secret_sauce</arg>
<kw name="Input Text" library="SeleniumLibrary">
<arg>${username_input}</arg>
<arg>${username}</arg>
<doc>Types the given ``text`` into the text field identified by ``locator``.</doc>
<msg timestamp="20250401 12:07:26.586" level="INFO">Typing text 'standard_user' into text field 'id=user-name'.</msg>
<status status="PASS" starttime="20250401 12:07:26.584" endtime="20250401 12:07:27.534"/>
</kw>
<kw name="Input Text" library="SeleniumLibrary">
<arg>${password_input}</arg>
<arg>${password}</arg>
<doc>Types the given ``text`` into the text field identified by ``locator``.</doc>
<msg timestamp="20250401 12:07:27.537" level="INFO">Typing text 'secret_sauce' into text field 'id=password'.</msg>
<status status="PASS" starttime="20250401 12:07:27.535" endtime="20250401 12:07:28.524"/>
</kw>
<kw name="Click Button" library="SeleniumLibrary">
<arg>${login_btn}</arg>
<doc>Clicks the button identified by ``locator``.</doc>
<msg timestamp="20250401 12:07:28.526" level="INFO">Clicking button 'id=login-button'.</msg>
<status status="PASS" starttime="20250401 12:07:28.524" endtime="20250401 12:07:29.546"/>
</kw>
<status status="PASS" starttime="20250401 12:07:26.583" endtime="20250401 12:07:29.546"/>
</kw>
<status status="PASS" starttime="20250401 12:07:26.580" endtime="20250401 12:07:29.548"/>
</test>
<test id="s1-s3-t2" name="Add product in cart" line="15">
<kw name="Set Selenium Speed" library="SeleniumLibrary" type="SETUP">
<arg>0.25</arg>
<doc>Sets the delay that is waited after each Selenium command.</doc>
<status status="PASS" starttime="20250401 12:07:29.554" endtime="20250401 12:07:29.555"/>
</kw>
<kw name="Click Element" library="SeleniumLibrary">
<arg>xpath=//*[@id="add-to-cart-sauce-labs-backpack"]</arg>
<doc>Click the element identified by ``locator``.</doc>
<msg timestamp="20250401 12:07:29.557" level="INFO">Clicking element 'xpath=//*[@id="add-to-cart-sauce-labs-backpack"]'.</msg>
<status status="PASS" starttime="20250401 12:07:29.556" endtime="20250401 12:07:30.192"/>
</kw>
<kw name="Wait Until Element Is Visible" library="SeleniumLibrary">
<arg>xpath=//*[@id="remove-sauce-labs-backpack"]</arg>
<doc>Waits until the element ``locator`` is visible.</doc>
<status status="PASS" starttime="20250401 12:07:30.194" endtime="20250401 12:07:30.759"/>
</kw>
<kw name="Wait Until Element Contains" library="SeleniumLibrary">
<arg>${cart_btn}</arg>
<arg>1</arg>
<doc>Waits until the element ``locator`` contains ``text``.</doc>
<status status="PASS" starttime="20250401 12:07:30.761" endtime="20250401 12:07:31.325"/>
</kw>
<kw name="Click Element" library="SeleniumLibrary">
<arg>xpath=//*[@id="add-to-cart-sauce-labs-bike-light"]</arg>
<doc>Click the element identified by ``locator``.</doc>
<msg timestamp="20250401 12:07:31.328" level="INFO">Clicking element 'xpath=//*[@id="add-to-cart-sauce-labs-bike-light"]'.</msg>
<status status="PASS" starttime="20250401 12:07:31.327" endtime="20250401 12:07:32.000"/>
</kw>
<kw name="Wait Until Element Is Visible" library="SeleniumLibrary">
<arg>xpath=//*[@id="remove-sauce-labs-bike-light"]</arg>
<doc>Waits until the element ``locator`` is visible.</doc>
<status status="PASS" starttime="20250401 12:07:32.001" endtime="20250401 12:07:32.590"/>
</kw>
<kw name="Wait Until Element Contains" library="SeleniumLibrary">
<arg>${cart_btn}</arg>
<arg>2</arg>
<doc>Waits until the element ``locator`` contains ``text``.</doc>
<status status="PASS" starttime="20250401 12:07:32.591" endtime="20250401 12:07:33.153"/>
</kw>
<doc>ตรวจสอบการเพิ่มสินค้าลงตะกร้า</doc>
<status status="PASS" starttime="20250401 12:07:29.551" endtime="20250401 12:07:33.155"/>
</test>
<test id="s1-s3-t3" name="Remove product in cart" line="25">
<kw name="Set Selenium Speed" library="SeleniumLibrary" type="SETUP">
<arg>0.25</arg>
<doc>Sets the delay that is waited after each Selenium command.</doc>
<status status="PASS" starttime="20250401 12:07:33.162" endtime="20250401 12:07:33.163"/>
</kw>
<kw name="Click Element" library="SeleniumLibrary">
<arg>${cart_btn}</arg>
<doc>Click the element identified by ``locator``.</doc>
<msg timestamp="20250401 12:07:33.167" level="INFO">Clicking element '//*[@id="shopping_cart_container"]/a'.</msg>
<status status="PASS" starttime="20250401 12:07:33.164" endtime="20250401 12:07:33.856"/>
</kw>
<kw name="Click Element" library="SeleniumLibrary">
<arg>//*[@id="remove-sauce-labs-backpack"]</arg>
<doc>Click the element identified by ``locator``.</doc>
<msg timestamp="20250401 12:07:33.859" level="INFO">Clicking element '//*[@id="remove-sauce-labs-backpack"]'.</msg>
<status status="PASS" starttime="20250401 12:07:33.858" endtime="20250401 12:07:34.559"/>
</kw>
<kw name="Wait Until Element Contains" library="SeleniumLibrary">
<arg>${cart_btn}</arg>
<arg>1</arg>
<doc>Waits until the element ``locator`` contains ``text``.</doc>
<status status="PASS" starttime="20250401 12:07:34.560" endtime="20250401 12:07:35.116"/>
</kw>
<kw name="Click Element" library="SeleniumLibrary">
<arg>//*[@id="remove-sauce-labs-bike-light"]</arg>
<doc>Click the element identified by ``locator``.</doc>
<msg timestamp="20250401 12:07:35.119" level="INFO">Clicking element '//*[@id="remove-sauce-labs-bike-light"]'.</msg>
<status status="PASS" starttime="20250401 12:07:35.117" endtime="20250401 12:07:35.811"/>
</kw>
<kw name="Element Should Not Be Visible" library="SeleniumLibrary">
<arg>//*[@id="cart_contents_container"]/div/div[1]/div[3]</arg>
<doc>Verifies that the element identified by ``locator`` is NOT visible.</doc>
<msg timestamp="20250401 12:07:36.360" level="INFO">Element '//*[@id="cart_contents_container"]/div/div[1]/div[3]' exists but is not displayed.</msg>
<status status="PASS" starttime="20250401 12:07:35.812" endtime="20250401 12:07:36.360"/>
</kw>
<doc>ตรวจสอบการนำสินค้าออกจากตะกร้า</doc>
<status status="PASS" starttime="20250401 12:07:33.157" endtime="20250401 12:07:36.362"/>
</test>
<kw name="Close All Browsers" library="SeleniumLibrary" type="TEARDOWN">
<doc>Closes all open browsers and resets the browser cache.</doc>
<status status="PASS" starttime="20250401 12:07:36.366" endtime="20250401 12:07:38.792"/>
</kw>
<doc>ตรวจสอบการเพิ่มสินค้าและนำสินค้าออกจากตะกร้า</doc>
<status status="PASS" starttime="20250401 12:07:23.744" endtime="20250401 12:07:38.792"/>
</suite>
<suite id="s1-s4" name="Order" source="D:\TestRobotframework\Example Project\Tests\Order.robot">
<kw name="Open and maximize browser" library="standarduser__keywords" type="SETUP">
<kw name="Open Browser" library="SeleniumLibrary">
<arg>${login_page}</arg>
<arg>Chrome</arg>
<doc>Opens a new browser instance to the optional ``url``.</doc>
<msg timestamp="20250401 12:07:38.828" level="INFO">Opening browser 'Chrome' to base url 'https://www.saucedemo.com/'.</msg>
<status status="PASS" starttime="20250401 12:07:38.827" endtime="20250401 12:07:41.521"/>
</kw>
<kw name="Maximize Browser Window" library="SeleniumLibrary">
<doc>Maximizes current browser window.</doc>
<status status="PASS" starttime="20250401 12:07:41.521" endtime="20250401 12:07:41.815"/>
</kw>
<status status="PASS" starttime="20250401 12:07:38.826" endtime="20250401 12:07:41.815"/>
</kw>
<test id="s1-s4-t1" name="Login with Valid username and password" line="11">
<kw name="Set Selenium Speed" library="SeleniumLibrary" type="SETUP">
<arg>0.25</arg>
<doc>Sets the delay that is waited after each Selenium command.</doc>
<status status="PASS" starttime="20250401 12:07:41.819" endtime="20250401 12:07:41.820"/>
</kw>
<kw name="Fill username" library="standarduser__keywords">
<arg>standard_user</arg>
<kw name="Element Should Be Enabled" library="SeleniumLibrary">
<arg>${username_input}</arg>
<doc>Verifies that element identified by ``locator`` is enabled.</doc>
<status status="PASS" starttime="20250401 12:07:41.822" endtime="20250401 12:07:42.705"/>
</kw>
<kw name="Input Text" library="SeleniumLibrary">
<arg>${username_input}</arg>
<arg>${Username}</arg>
<doc>Types the given ``text`` into the text field identified by ``locator``.</doc>
<msg timestamp="20250401 12:07:42.707" level="INFO">Typing text 'standard_user' into text field 'id=user-name'.</msg>
<status status="PASS" starttime="20250401 12:07:42.706" endtime="20250401 12:07:43.652"/>
</kw>
<status status="PASS" starttime="20250401 12:07:41.821" endtime="20250401 12:07:43.652"/>
</kw>
<kw name="Fill password" library="standarduser__keywords">
<arg>secret_sauce</arg>
<kw name="Element Should Be Enabled" library="SeleniumLibrary">
<arg>${password_input}</arg>
<doc>Verifies that element identified by ``locator`` is enabled.</doc>
<status status="PASS" starttime="20250401 12:07:43.654" endtime="20250401 12:07:44.487"/>
</kw>
<kw name="Input Text" library="SeleniumLibrary">
<arg>${password_input}</arg>
<arg>${Password}</arg>
<doc>Types the given ``text`` into the text field identified by ``locator``.</doc>
<msg timestamp="20250401 12:07:44.489" level="INFO">Typing text 'secret_sauce' into text field 'id=password'.</msg>
<status status="PASS" starttime="20250401 12:07:44.487" endtime="20250401 12:07:45.428"/>
</kw>
<status status="PASS" starttime="20250401 12:07:43.653" endtime="20250401 12:07:45.428"/>
</kw>
<kw name="Click Login" library="standarduser__keywords">
<kw name="Element Should Be Enabled" library="SeleniumLibrary">
<arg>${login_btn}</arg>
<doc>Verifies that element identified by ``locator`` is enabled.</doc>
<status status="PASS" starttime="20250401 12:07:45.431" endtime="20250401 12:07:46.283"/>
</kw>
<kw name="Click Element" library="SeleniumLibrary">
<arg>${login_btn}</arg>
<doc>Click the element identified by ``locator``.</doc>
<msg timestamp="20250401 12:07:46.284" level="INFO">Clicking element 'id=login-button'.</msg>
<status status="PASS" starttime="20250401 12:07:46.283" endtime="20250401 12:07:47.056"/>
</kw>
<status status="PASS" starttime="20250401 12:07:45.429" endtime="20250401 12:07:47.057"/>
</kw>
<kw name="Page should be inventory" library="standarduser__keywords">
<kw name="Wait Until Location Is" library="SeleniumLibrary">
<arg>${inventory_page}</arg>
<doc>Waits until the current URL is ``expected``.</doc>
<status status="PASS" starttime="20250401 12:07:47.059" endtime="20250401 12:07:47.332"/>
</kw>
<kw name="Location Should Be" library="SeleniumLibrary">
<arg>${inventory_page}</arg>
<doc>Verifies that the current URL is exactly ``url``.</doc>
<msg timestamp="20250401 12:07:47.597" level="INFO">Current location is 'https://www.saucedemo.com/inventory.html'.</msg>
<status status="PASS" starttime="20250401 12:07:47.333" endtime="20250401 12:07:47.597"/>
</kw>
<kw name="Wait Until Element Is Visible" library="SeleniumLibrary">
<arg>xpath=//div[@class='inventory_list']</arg>
<arg>timeout=5s</arg>
<doc>Waits until the element ``locator`` is visible.</doc>
<status status="PASS" starttime="20250401 12:07:47.597" endtime="20250401 12:07:48.181"/>
</kw>
<status status="PASS" starttime="20250401 12:07:47.058" endtime="20250401 12:07:48.181"/>
</kw>
<doc>เข้าสู่ระบบ</doc>
<status status="PASS" starttime="20250401 12:07:41.816" endtime="20250401 12:07:48.182"/>
</test>
<test id="s1-s4-t2" name="Add product in cart" line="18">
<kw name="Set Selenium Speed" library="SeleniumLibrary" type="SETUP">
<arg>0.25</arg>
<doc>Sets the delay that is waited after each Selenium command.</doc>
<status status="PASS" starttime="20250401 12:07:48.189" endtime="20250401 12:07:48.190"/>
</kw>
<kw name="Click Element" library="SeleniumLibrary">
<arg>xpath=//*[@id="add-to-cart-sauce-labs-backpack"]</arg>
<doc>Click the element identified by ``locator``.</doc>
<msg timestamp="20250401 12:07:48.192" level="INFO">Clicking element 'xpath=//*[@id="add-to-cart-sauce-labs-backpack"]'.</msg>
<status status="PASS" starttime="20250401 12:07:48.191" endtime="20250401 12:07:48.906"/>
</kw>
<kw name="Wait Until Element Is Visible" library="SeleniumLibrary">
<arg>xpath=//*[@id="remove-sauce-labs-backpack"]</arg>
<doc>Waits until the element ``locator`` is visible.</doc>
<status status="PASS" starttime="20250401 12:07:48.908" endtime="20250401 12:07:49.491"/>
</kw>
<kw name="Wait Until Element Contains" library="SeleniumLibrary">
<arg>${cart_btn}</arg>
<arg>1</arg>
<doc>Waits until the element ``locator`` contains ``text``.</doc>
<status status="PASS" starttime="20250401 12:07:49.493" endtime="20250401 12:07:50.094"/>
</kw>
<kw name="Click Element" library="SeleniumLibrary">
<arg>xpath=//*[@id="add-to-cart-sauce-labs-bike-light"]</arg>
<doc>Click the element identified by ``locator``.</doc>
<msg timestamp="20250401 12:07:50.098" level="INFO">Clicking element 'xpath=//*[@id="add-to-cart-sauce-labs-bike-light"]'.</msg>
<status status="PASS" starttime="20250401 12:07:50.096" endtime="20250401 12:07:50.796"/>
</kw>
<kw name="Wait Until Element Is Visible" library="SeleniumLibrary">
<arg>xpath=//*[@id="remove-sauce-labs-bike-light"]</arg>
<doc>Waits until the element ``locator`` is visible.</doc>
<status status="PASS" starttime="20250401 12:07:50.797" endtime="20250401 12:07:51.376"/>
</kw>
<kw name="Wait Until Element Contains" library="SeleniumLibrary">
<arg>${cart_btn}</arg>
<arg>2</arg>
<doc>Waits until the element ``locator`` contains ``text``.</doc>
<status status="PASS" starttime="20250401 12:07:51.378" endtime="20250401 12:07:51.942"/>
</kw>
<doc>ตรวจสอบการเพิ่มสินค้าลงตะกร้า</doc>
<status status="PASS" starttime="20250401 12:07:48.186" endtime="20250401 12:07:51.943"/>
</test>
<test id="s1-s4-t3" name="Verify product in cart" line="28">
<kw name="Set Selenium Speed" library="SeleniumLibrary" type="SETUP">
<arg>0.25</arg>
<doc>Sets the delay that is waited after each Selenium command.</doc>
<status status="PASS" starttime="20250401 12:07:51.950" endtime="20250401 12:07:51.951"/>
</kw>
<kw name="Click Element" library="SeleniumLibrary">
<arg>${cart_btn}</arg>
<doc>Click the element identified by ``locator``.</doc>
<msg timestamp="20250401 12:07:51.953" level="INFO">Clicking element '//*[@id="shopping_cart_container"]/a'.</msg>
<status status="PASS" starttime="20250401 12:07:51.952" endtime="20250401 12:07:52.623"/>
</kw>
<kw name="Page should be cart" library="standarduser__keywords">
<kw name="Wait Until Location Is" library="SeleniumLibrary">
<arg>${cart_page}</arg>
<doc>Waits until the current URL is ``expected``.</doc>
<status status="PASS" starttime="20250401 12:07:52.625" endtime="20250401 12:07:52.886"/>
</kw>
<kw name="Location Should Be" library="SeleniumLibrary">
<arg>${cart_page}</arg>
<doc>Verifies that the current URL is exactly ``url``.</doc>
<msg timestamp="20250401 12:07:53.145" level="INFO">Current location is 'https://www.saucedemo.com/cart.html'.</msg>
<status status="PASS" starttime="20250401 12:07:52.886" endtime="20250401 12:07:53.145"/>
</kw>
<kw name="Wait Until Page Contains" library="SeleniumLibrary">
<arg>Your Cart</arg>
<doc>Waits until ``text`` appears on the current page.</doc>
<status status="PASS" starttime="20250401 12:07:53.146" endtime="20250401 12:07:53.419"/>
</kw>
<status status="PASS" starttime="20250401 12:07:52.624" endtime="20250401 12:07:53.419"/>
</kw>
<doc>ตรวจสอบสินค้าในตะกร้า</doc>
<status status="PASS" starttime="20250401 12:07:51.948" endtime="20250401 12:07:53.421"/>
</test>
<test id="s1-s4-t4" name="Verify Your infomation" line="33">
<kw name="Set Selenium Speed" library="SeleniumLibrary" type="SETUP">
<arg>0.25</arg>
<doc>Sets the delay that is waited after each Selenium command.</doc>
<status status="PASS" starttime="20250401 12:07:53.426" endtime="20250401 12:07:53.426"/>
</kw>
<kw name="Click Element" library="SeleniumLibrary">
<arg>${checkout_btn}</arg>
<doc>Click the element identified by ``locator``.</doc>
<msg timestamp="20250401 12:07:53.429" level="INFO">Clicking element '//*[@id="checkout"]'.</msg>
<status status="PASS" starttime="20250401 12:07:53.428" endtime="20250401 12:07:54.046"/>
</kw>
<kw name="Page should be Checkout" library="standarduser__keywords">
<kw name="Wait Until Location Is" library="SeleniumLibrary">
<arg>${checkout_page}</arg>
<doc>Waits until the current URL is ``expected``.</doc>
<status status="PASS" starttime="20250401 12:07:54.049" endtime="20250401 12:07:54.319"/>
</kw>
<kw name="Location Should Be" library="SeleniumLibrary">
<arg>${checkout_page}</arg>
<doc>Verifies that the current URL is exactly ``url``.</doc>
<msg timestamp="20250401 12:07:54.585" level="INFO">Current location is 'https://www.saucedemo.com/checkout-step-one.html'.</msg>
<status status="PASS" starttime="20250401 12:07:54.319" endtime="20250401 12:07:54.585"/>
</kw>
<kw name="Wait Until Page Contains" library="SeleniumLibrary">
<arg>Checkout: Your Information</arg>
<doc>Waits until ``text`` appears on the current page.</doc>
<status status="PASS" starttime="20250401 12:07:54.585" endtime="20250401 12:07:54.880"/>
</kw>
<status status="PASS" starttime="20250401 12:07:54.048" endtime="20250401 12:07:54.880"/>
</kw>
<kw name="Fill Firstname" library="standarduser__keywords">
<arg>Example</arg>
<kw name="Element Should Be Enabled" library="SeleniumLibrary">
<arg>${firstname_input}</arg>
<doc>Verifies that element identified by ``locator`` is enabled.</doc>
<status status="PASS" starttime="20250401 12:07:54.884" endtime="20250401 12:07:55.705"/>
</kw>
<kw name="Input Text" library="SeleniumLibrary">
<arg>${firstname_input}</arg>
<arg>${firstname}</arg>
<doc>Types the given ``text`` into the text field identified by ``locator``.</doc>
<msg timestamp="20250401 12:07:55.707" level="INFO">Typing text 'Example' into text field '//*[@id="first-name"]'.</msg>
<status status="PASS" starttime="20250401 12:07:55.705" endtime="20250401 12:07:56.760"/>
</kw>
<status status="PASS" starttime="20250401 12:07:54.882" endtime="20250401 12:07:56.761"/>
</kw>
<kw name="Fill Lastname" library="standarduser__keywords">
<arg>Example</arg>
<kw name="Element Should Be Enabled" library="SeleniumLibrary">
<arg>${lastname_input}</arg>
<doc>Verifies that element identified by ``locator`` is enabled.</doc>
<status status="PASS" starttime="20250401 12:07:56.764" endtime="20250401 12:07:57.605"/>
</kw>
<kw name="Input Text" library="SeleniumLibrary">
<arg>${lastname_input}</arg>
<arg>${lastname}</arg>
<doc>Types the given ``text`` into the text field identified by ``locator``.</doc>
<msg timestamp="20250401 12:07:57.607" level="INFO">Typing text 'Example' into text field '//*[@id="last-name"]'.</msg>
<status status="PASS" starttime="20250401 12:07:57.605" endtime="20250401 12:07:58.607"/>
</kw>
<status status="PASS" starttime="20250401 12:07:56.762" endtime="20250401 12:07:58.607"/>
</kw>
<kw name="Fill zipcode" library="standarduser__keywords">
<arg>1999</arg>
<kw name="Element Should Be Enabled" library="SeleniumLibrary">
<arg>${zipcode_input}</arg>
<doc>Verifies that element identified by ``locator`` is enabled.</doc>
<status status="PASS" starttime="20250401 12:07:58.609" endtime="20250401 12:07:59.454"/>
</kw>
<kw name="Input Text" library="SeleniumLibrary">
<arg>${zipcode_input}</arg>
<arg>${zipcode}</arg>
<doc>Types the given ``text`` into the text field identified by ``locator``.</doc>
<msg timestamp="20250401 12:07:59.456" level="INFO">Typing text '1999' into text field '//*[@id="postal-code"]'.</msg>
<status status="PASS" starttime="20250401 12:07:59.454" endtime="20250401 12:08:00.486"/>
</kw>
<status status="PASS" starttime="20250401 12:07:58.608" endtime="20250401 12:08:00.486"/>
</kw>
<kw name="Element Should Be Visible" library="SeleniumLibrary">
<arg>${cancel_btn}</arg>
<doc>Verifies that the element identified by ``locator`` is visible.</doc>
<msg timestamp="20250401 12:08:01.048" level="INFO">Element '//*[@id="cancel"]' is displayed.</msg>
<status status="PASS" starttime="20250401 12:08:00.488" endtime="20250401 12:08:01.048"/>
</kw>
<kw name="Element Should Be Visible" library="SeleniumLibrary">
<arg>${continue_btn}</arg>
<doc>Verifies that the element identified by ``locator`` is visible.</doc>
<msg timestamp="20250401 12:08:01.601" level="INFO">Element '//*[@id="continue"]' is displayed.</msg>
<status status="PASS" starttime="20250401 12:08:01.050" endtime="20250401 12:08:01.601"/>
</kw>
<doc>ตรวจสอบการกรอกข้อมูลที่อยู่</doc>
<status status="PASS" starttime="20250401 12:07:53.423" endtime="20250401 12:08:01.602"/>
</test>
<test id="s1-s4-t5" name="Verify Overview" line="43">
<kw name="Set Selenium Speed" library="SeleniumLibrary" type="SETUP">
<arg>0.25</arg>
<doc>Sets the delay that is waited after each Selenium command.</doc>
<status status="PASS" starttime="20250401 12:08:01.608" endtime="20250401 12:08:01.608"/>
</kw>
<kw name="Click Element" library="SeleniumLibrary">
<arg>${continue_btn}</arg>
<doc>Click the element identified by ``locator``.</doc>
<msg timestamp="20250401 12:08:01.610" level="INFO">Clicking element '//*[@id="continue"]'.</msg>
<status status="PASS" starttime="20250401 12:08:01.609" endtime="20250401 12:08:02.290"/>
</kw>
<kw name="Wait Until Location Is" library="SeleniumLibrary">
<arg>${checkout2_page}</arg>
<doc>Waits until the current URL is ``expected``.</doc>
<status status="PASS" starttime="20250401 12:08:02.291" endtime="20250401 12:08:02.560"/>
</kw>
<kw name="Location Should Be" library="SeleniumLibrary">
<arg>${checkout2_page}</arg>
<doc>Verifies that the current URL is exactly ``url``.</doc>
<msg timestamp="20250401 12:08:02.833" level="INFO">Current location is 'https://www.saucedemo.com/checkout-step-two.html'.</msg>
<status status="PASS" starttime="20250401 12:08:02.562" endtime="20250401 12:08:02.833"/>
</kw>
<kw name="Wait Until Page Contains" library="SeleniumLibrary">
<arg>Checkout: Overview</arg>
<doc>Waits until ``text`` appears on the current page.</doc>
<status status="PASS" starttime="20250401 12:08:02.834" endtime="20250401 12:08:03.125"/>
</kw>
<kw name="Element Should Be Visible" library="SeleniumLibrary">
<arg>${total_txt}</arg>
<doc>Verifies that the element identified by ``locator`` is visible.</doc>
<msg timestamp="20250401 12:08:03.702" level="INFO">Element '//*[@id="checkout_summary_container"]/div/div[2]/div[8]' is displayed.</msg>
<status status="PASS" starttime="20250401 12:08:03.126" endtime="20250401 12:08:03.702"/>
</kw>
<kw name="Element Should Be Visible" library="SeleniumLibrary">
<arg>${cancel_btn}</arg>
<doc>Verifies that the element identified by ``locator`` is visible.</doc>
<msg timestamp="20250401 12:08:04.259" level="INFO">Element '//*[@id="cancel"]' is displayed.</msg>
<status status="PASS" starttime="20250401 12:08:03.703" endtime="20250401 12:08:04.259"/>
</kw>
<kw name="Element Should Be Visible" library="SeleniumLibrary">
<arg>${finish_btn}</arg>
<doc>Verifies that the element identified by ``locator`` is visible.</doc>
<msg timestamp="20250401 12:08:04.830" level="INFO">Element '//*[@id="finish"]' is displayed.</msg>
<status status="PASS" starttime="20250401 12:08:04.260" endtime="20250401 12:08:04.830"/>
</kw>
<doc>ตรวจสอบรายการสินค้าและยอดรวมทั้งหมด</doc>
<status status="PASS" starttime="20250401 12:08:01.605" endtime="20250401 12:08:04.831"/>
</test>
<test id="s1-s4-t6" name="Verify order completed" line="53">
<kw name="Set Selenium Speed" library="SeleniumLibrary" type="SETUP">
<arg>0.25</arg>
<doc>Sets the delay that is waited after each Selenium command.</doc>
<status status="PASS" starttime="20250401 12:08:04.838" endtime="20250401 12:08:04.838"/>
</kw>
<kw name="Click Element" library="SeleniumLibrary">
<arg>${finish_btn}</arg>
<doc>Click the element identified by ``locator``.</doc>
<msg timestamp="20250401 12:08:04.840" level="INFO">Clicking element '//*[@id="finish"]'.</msg>
<status status="PASS" starttime="20250401 12:08:04.839" endtime="20250401 12:08:05.612"/>
</kw>
<kw name="Wait Until Location Is" library="SeleniumLibrary">
<arg>${checkoutcomplete_page}</arg>
<doc>Waits until the current URL is ``expected``.</doc>
<status status="PASS" starttime="20250401 12:08:05.614" endtime="20250401 12:08:05.884"/>
</kw>
<kw name="Location Should Be" library="SeleniumLibrary">
<arg>${checkoutcomplete_page}</arg>
<doc>Verifies that the current URL is exactly ``url``.</doc>
<msg timestamp="20250401 12:08:06.153" level="INFO">Current location is 'https://www.saucedemo.com/checkout-complete.html'.</msg>
<status status="PASS" starttime="20250401 12:08:05.885" endtime="20250401 12:08:06.153"/>
</kw>
<kw name="Wait Until Page Contains" library="SeleniumLibrary">
<arg>Checkout: Complete!</arg>
<doc>Waits until ``text`` appears on the current page.</doc>
<status status="PASS" starttime="20250401 12:08:06.155" endtime="20250401 12:08:06.444"/>
</kw>
<kw name="Wait Until Page Contains" library="SeleniumLibrary">
<arg>Thank you for your order!</arg>
<doc>Waits until ``text`` appears on the current page.</doc>
<status status="PASS" starttime="20250401 12:08:06.445" endtime="20250401 12:08:06.736"/>
</kw>
<kw name="Element Should Be Visible" library="SeleniumLibrary">
<arg>${backhome_page}</arg>
<doc>Verifies that the element identified by ``locator`` is visible.</doc>
<msg timestamp="20250401 12:08:07.300" level="INFO">Element '//*[@id="back-to-products"]' is displayed.</msg>
<status status="PASS" starttime="20250401 12:08:06.738" endtime="20250401 12:08:07.300"/>
</kw>
<doc>ตรวจสอบการสั่งสินค้าสำเร็จ</doc>
<status status="PASS" starttime="20250401 12:08:04.835" endtime="20250401 12:08:07.301"/>
</test>
<doc>ตรวจสอบการสั่งสินค้า</doc>
<status status="PASS" starttime="20250401 12:07:38.801" endtime="20250401 12:08:07.306"/>
</suite>
<suite id="s1-s5" name="Valid login" source="D:\TestRobotframework\Example Project\Tests\Valid_login.robot">
<kw name="Open and maximize browser" library="standarduser__keywords" type="SETUP">
<kw name="Open Browser" library="SeleniumLibrary">
<arg>${login_page}</arg>
<arg>Chrome</arg>
<doc>Opens a new browser instance to the optional ``url``.</doc>
<msg timestamp="20250401 12:08:07.346" level="INFO">Opening browser 'Chrome' to base url 'https://www.saucedemo.com/'.</msg>
<status status="PASS" starttime="20250401 12:08:07.344" endtime="20250401 12:08:10.006"/>
</kw>
<kw name="Maximize Browser Window" library="SeleniumLibrary">
<doc>Maximizes current browser window.</doc>
<status status="PASS" starttime="20250401 12:08:10.006" endtime="20250401 12:08:10.296"/>
</kw>
<status status="PASS" starttime="20250401 12:08:07.343" endtime="20250401 12:08:10.296"/>
</kw>
<test id="s1-s5-t1" name="Login As Standard User" line="12">
<kw name="Set Selenium Speed" library="SeleniumLibrary" type="SETUP">
<arg>0.25</arg>
<doc>Sets the delay that is waited after each Selenium command.</doc>
<status status="PASS" starttime="20250401 12:08:10.297" endtime="20250401 12:08:10.298"/>
</kw>
<kw name="Login With Credentials" library="standarduser__keywords">
<arg>standard_user</arg>
<arg>secret_sauce</arg>
<kw name="Input Text" library="SeleniumLibrary">
<arg>${username_input}</arg>
<arg>${username}</arg>
<doc>Types the given ``text`` into the text field identified by ``locator``.</doc>
<msg timestamp="20250401 12:08:10.301" level="INFO">Typing text 'standard_user' into text field 'id=user-name'.</msg>
<status status="PASS" starttime="20250401 12:08:10.300" endtime="20250401 12:08:11.364"/>
</kw>
<kw name="Input Text" library="SeleniumLibrary">
<arg>${password_input}</arg>
<arg>${password}</arg>
<doc>Types the given ``text`` into the text field identified by ``locator``.</doc>
<msg timestamp="20250401 12:08:11.366" level="INFO">Typing text 'secret_sauce' into text field 'id=password'.</msg>
<status status="PASS" starttime="20250401 12:08:11.364" endtime="20250401 12:08:12.336"/>
</kw>
<kw name="Click Button" library="SeleniumLibrary">
<arg>${login_btn}</arg>
<doc>Clicks the button identified by ``locator``.</doc>
<msg timestamp="20250401 12:08:12.336" level="INFO">Clicking button 'id=login-button'.</msg>
<status status="PASS" starttime="20250401 12:08:12.336" endtime="20250401 12:08:13.277"/>
</kw>
<status status="PASS" starttime="20250401 12:08:10.299" endtime="20250401 12:08:13.277"/>
</kw>
<status status="PASS" starttime="20250401 12:08:10.296" endtime="20250401 12:08:13.278"/>
</test>
<kw name="Close All Browsers" library="SeleniumLibrary" type="TEARDOWN">
<doc>Closes all open browsers and resets the browser cache.</doc>
<status status="PASS" starttime="20250401 12:08:13.282" endtime="20250401 12:08:18.154"/>
</kw>
<doc>ตรวจสอบการล็อกอิน</doc>
<status status="PASS" starttime="20250401 12:08:07.321" endtime="20250401 12:08:18.155"/>
</suite>
<suite id="s1-s6" name="Verify hamburgermenu" source="D:\TestRobotframework\Example Project\Tests\Verify_hamburgermenu.robot">
<kw name="Open and maximize browser" library="standarduser__keywords" type="SETUP">
<kw name="Open Browser" library="SeleniumLibrary">
<arg>${login_page}</arg>
<arg>Chrome</arg>
<doc>Opens a new browser instance to the optional ``url``.</doc>
<msg timestamp="20250401 12:08:18.192" level="INFO">Opening browser 'Chrome' to base url 'https://www.saucedemo.com/'.</msg>
<status status="PASS" starttime="20250401 12:08:18.190" endtime="20250401 12:08:20.701"/>
</kw>
<kw name="Maximize Browser Window" library="SeleniumLibrary">
<doc>Maximizes current browser window.</doc>
<status status="PASS" starttime="20250401 12:08:20.701" endtime="20250401 12:08:20.987"/>
</kw>
<status status="PASS" starttime="20250401 12:08:18.189" endtime="20250401 12:08:20.987"/>
</kw>
<test id="s1-s6-t1" name="Login with Valid username and password" line="10">
<kw name="Set Selenium Speed" library="SeleniumLibrary" type="SETUP">
<arg>0.25</arg>
<doc>Sets the delay that is waited after each Selenium command.</doc>
<status status="PASS" starttime="20250401 12:08:20.991" endtime="20250401 12:08:20.992"/>
</kw>
<kw name="Fill username" library="standarduser__keywords">
<arg>standard_user</arg>
<kw name="Element Should Be Enabled" library="SeleniumLibrary">
<arg>${username_input}</arg>
<doc>Verifies that element identified by ``locator`` is enabled.</doc>
<status status="PASS" starttime="20250401 12:08:20.994" endtime="20250401 12:08:21.848"/>
</kw>
<kw name="Input Text" library="SeleniumLibrary">
<arg>${username_input}</arg>
<arg>${Username}</arg>
<doc>Types the given ``text`` into the text field identified by ``locator``.</doc>
<msg timestamp="20250401 12:08:21.850" level="INFO">Typing text 'standard_user' into text field 'id=user-name'.</msg>
<status status="PASS" starttime="20250401 12:08:21.848" endtime="20250401 12:08:22.803"/>
</kw>
<status status="PASS" starttime="20250401 12:08:20.993" endtime="20250401 12:08:22.803"/>
</kw>
<kw name="Fill password" library="standarduser__keywords">
<arg>secret_sauce</arg>
<kw name="Element Should Be Enabled" library="SeleniumLibrary">
<arg>${password_input}</arg>
<doc>Verifies that element identified by ``locator`` is enabled.</doc>
<status status="PASS" starttime="20250401 12:08:22.806" endtime="20250401 12:08:23.666"/>
</kw>
<kw name="Input Text" library="SeleniumLibrary">
<arg>${password_input}</arg>
<arg>${Password}</arg>
<doc>Types the given ``text`` into the text field identified by ``locator``.</doc>
<msg timestamp="20250401 12:08:23.667" level="INFO">Typing text 'secret_sauce' into text field 'id=password'.</msg>
<status status="PASS" starttime="20250401 12:08:23.666" endtime="20250401 12:08:24.696"/>
</kw>
<status status="PASS" starttime="20250401 12:08:22.804" endtime="20250401 12:08:24.696"/>
</kw>
<kw name="Click Login" library="standarduser__keywords">
<kw name="Element Should Be Enabled" library="SeleniumLibrary">
<arg>${login_btn}</arg>
<doc>Verifies that element identified by ``locator`` is enabled.</doc>
<status status="PASS" starttime="20250401 12:08:24.699" endtime="20250401 12:08:25.555"/>
</kw>
<kw name="Click Element" library="SeleniumLibrary">
<arg>${login_btn}</arg>
<doc>Click the element identified by ``locator``.</doc>
<msg timestamp="20250401 12:08:25.557" level="INFO">Clicking element 'id=login-button'.</msg>
<status status="PASS" starttime="20250401 12:08:25.555" endtime="20250401 12:08:26.270"/>
</kw>
<status status="PASS" starttime="20250401 12:08:24.698" endtime="20250401 12:08:26.270"/>
</kw>
<kw name="Page should be inventory" library="standarduser__keywords">
<kw name="Wait Until Location Is" library="SeleniumLibrary">
<arg>${inventory_page}</arg>
<doc>Waits until the current URL is ``expected``.</doc>
<status status="PASS" starttime="20250401 12:08:26.272" endtime="20250401 12:08:26.544"/>
</kw>
<kw name="Location Should Be" library="SeleniumLibrary">
<arg>${inventory_page}</arg>
<doc>Verifies that the current URL is exactly ``url``.</doc>
<msg timestamp="20250401 12:08:26.814" level="INFO">Current location is 'https://www.saucedemo.com/inventory.html'.</msg>
<status status="PASS" starttime="20250401 12:08:26.544" endtime="20250401 12:08:26.814"/>
</kw>
<kw name="Wait Until Element Is Visible" library="SeleniumLibrary">
<arg>xpath=//div[@class='inventory_list']</arg>
<arg>timeout=5s</arg>
<doc>Waits until the element ``locator`` is visible.</doc>
<status status="PASS" starttime="20250401 12:08:26.814" endtime="20250401 12:08:27.394"/>
</kw>
<status status="PASS" starttime="20250401 12:08:26.272" endtime="20250401 12:08:27.394"/>
</kw>
<doc>ตรวจสอบการเข้าสู่ระบบ</doc>
<status status="PASS" starttime="20250401 12:08:20.987" endtime="20250401 12:08:27.396"/>
</test>
<test id="s1-s6-t2" name="Verify Hamburger Menu Opens Correctly" line="17">
<kw name="Set Selenium Speed" library="SeleniumLibrary" type="SETUP">
<arg>0.25</arg>
<doc>Sets the delay that is waited after each Selenium command.</doc>
<status status="PASS" starttime="20250401 12:08:27.404" endtime="20250401 12:08:27.405"/>
</kw>
<kw name="Click Element" library="SeleniumLibrary">
<arg>${menu_btn}</arg>
<doc>Click the element identified by ``locator``.</doc>
<msg timestamp="20250401 12:08:27.407" level="INFO">Clicking element '//button[@id='react-burger-menu-btn']'.</msg>
<status status="PASS" starttime="20250401 12:08:27.406" endtime="20250401 12:08:28.133"/>
</kw>
<kw name="Wait Until Element Is Visible" library="SeleniumLibrary">
<arg>${menu_list}</arg>
<doc>Waits until the element ``locator`` is visible.</doc>
<status status="PASS" starttime="20250401 12:08:28.135" endtime="20250401 12:08:28.732"/>
</kw>
<kw name="Element Should Be Visible" library="SeleniumLibrary">
<arg>//*[@id="react-burger-cross-btn"]</arg>
<doc>Verifies that the element identified by ``locator`` is visible.</doc>
<msg timestamp="20250401 12:08:29.303" level="INFO">Element '//*[@id="react-burger-cross-btn"]' is displayed.</msg>
<status status="PASS" starttime="20250401 12:08:28.734" endtime="20250401 12:08:29.303"/>
</kw>
<kw name="Element Should Be Visible" library="SeleniumLibrary">
<arg>${menu_list}</arg>
<doc>Verifies that the element identified by ``locator`` is visible.</doc>
<msg timestamp="20250401 12:08:29.862" level="INFO">Element '//div[@class='bm-menu']' is displayed.</msg>
<status status="PASS" starttime="20250401 12:08:29.304" endtime="20250401 12:08:29.862"/>
</kw>
<kw name="Element Should Contain" library="SeleniumLibrary">
<arg>${menu_list}</arg>
<arg>All Items</arg>
<doc>Verifies that element ``locator`` contains text ``expected``.</doc>
<msg timestamp="20250401 12:08:30.413" level="INFO">Element '//div[@class='bm-menu']' contains text 'All Items'.</msg>
<status status="PASS" starttime="20250401 12:08:29.863" endtime="20250401 12:08:30.413"/>
</kw>
<kw name="Element Should Contain" library="SeleniumLibrary">
<arg>${menu_list}</arg>
<arg>About</arg>
<doc>Verifies that element ``locator`` contains text ``expected``.</doc>
<msg timestamp="20250401 12:08:30.957" level="INFO">Element '//div[@class='bm-menu']' contains text 'About'.</msg>
<status status="PASS" starttime="20250401 12:08:30.414" endtime="20250401 12:08:30.957"/>
</kw>
<kw name="Element Should Contain" library="SeleniumLibrary">
<arg>${menu_list}</arg>
<arg>Logout</arg>
<doc>Verifies that element ``locator`` contains text ``expected``.</doc>
<msg timestamp="20250401 12:08:31.498" level="INFO">Element '//div[@class='bm-menu']' contains text 'Logout'.</msg>
<status status="PASS" starttime="20250401 12:08:30.957" endtime="20250401 12:08:31.498"/>
</kw>
<kw name="Element Should Contain" library="SeleniumLibrary">
<arg>${menu_list}</arg>
<arg>Reset App State</arg>
<doc>Verifies that element ``locator`` contains text ``expected``.</doc>
<msg timestamp="20250401 12:08:32.048" level="INFO">Element '//div[@class='bm-menu']' contains text 'Reset App State'.</msg>
<status status="PASS" starttime="20250401 12:08:31.499" endtime="20250401 12:08:32.048"/>
</kw>
<doc>ตรวจสอบว่าเมนูแสดงขึ้นมาหลังจากคลิกไอคอน ☰</doc>
<status status="PASS" starttime="20250401 12:08:27.400" endtime="20250401 12:08:32.051"/>
</test>
<test id="s1-s6-t3" name="Verify Logout Button Works" line="28">
<kw name="Set Selenium Speed" library="SeleniumLibrary" type="SETUP">
<arg>0.25</arg>
<doc>Sets the delay that is waited after each Selenium command.</doc>
<status status="PASS" starttime="20250401 12:08:32.063" endtime="20250401 12:08:32.063"/>
</kw>
<kw name="Click Element" library="SeleniumLibrary">
<arg>${logout_btn}</arg>
<doc>Click the element identified by ``locator``.</doc>
<msg timestamp="20250401 12:08:32.066" level="INFO">Clicking element '//*[@id="logout_sidebar_link"]'.</msg>
<status status="PASS" starttime="20250401 12:08:32.064" endtime="20250401 12:08:32.802"/>
</kw>
<kw name="Wait Until Location Contains" library="SeleniumLibrary">
<arg>${login_page}</arg>
<doc>Waits until the current URL contains ``expected``.</doc>
<status status="PASS" starttime="20250401 12:08:32.803" endtime="20250401 12:08:33.063"/>
</kw>
<doc>ตรวจสอบว่าปุ่ม Logout ทำงานและกลับไปหน้า Login</doc>
<status status="PASS" starttime="20250401 12:08:32.058" endtime="20250401 12:08:33.064"/>
</test>
<doc>ตรวจสอบว่าเมนูแสดงขึ้นมาหลังจากคลิกไอคอน ☰</doc>
<status status="PASS" starttime="20250401 12:08:18.161" endtime="20250401 12:08:33.070"/>
</suite>
<status status="PASS" starttime="20250401 12:06:29.599" endtime="20250401 12:08:33.082"/>
</suite>
<statistics>
<total>
<stat pass="19" fail="0" skip="0">All Tests</stat>
</total>
<tag>
</tag>
<suite>
<stat pass="19" fail="0" skip="0" id="s1" name="Tests">Tests</stat>
<stat pass="5" fail="0" skip="0" id="s1-s1" name="Invalid login">Tests.Invalid login</stat>
<stat pass="1" fail="0" skip="0" id="s1-s2" name="Login lockeduser">Tests.Login lockeduser</stat>
<stat pass="3" fail="0" skip="0" id="s1-s3" name="Manage cart">Tests.Manage cart</stat>
<stat pass="6" fail="0" skip="0" id="s1-s4" name="Order">Tests.Order</stat>
<stat pass="1" fail="0" skip="0" id="s1-s5" name="Valid login">Tests.Valid login</stat>
<stat pass="3" fail="0" skip="0" id="s1-s6" name="Verify hamburgermenu">Tests.Verify hamburgermenu</stat>
</suite>
</statistics>
<errors>
</errors>
</robot>
